<?xml version="1.0" encoding="UTF-8"?>
<testsuite xmlns:xsi="http://www.w3.org/2001/XMLSchema-instance" xsi:noNamespaceSchemaLocation="https://maven.apache.org/surefire/maven-surefire-plugin/xsd/surefire-test-report-3.0.xsd" version="3.0" name="HarToElasticTest" time="6.223" tests="1" errors="0" skipped="0" failures="0">
  <properties>
[...]
</properties>
  <testcase name="test" classname="HarToElasticTest" time="6.198">
    <system-out><![CDATA[19:33:23.507 [main] INFO  io.searchbox.client.AbstractJestClient - Setting server pool to a list of 1 servers: [http://localhost:9200]
19:33:23.511 [main] INFO  io.searchbox.client.JestClientFactory - Using multi thread/connection supporting pooling connection manager
19:33:23.580 [main] INFO  io.searchbox.client.JestClientFactory - Using default GSON instance
19:33:23.580 [main] INFO  io.searchbox.client.JestClientFactory - Node Discovery disabled...
19:33:23.580 [main] INFO  io.searchbox.client.JestClientFactory - Idle connection reaping disabled...
reading inputFile from :D:\Shie\School\32FP\WebMonitoring\monitoring\service\.\src\test\resources\newSolTest.har
transformed har into array of 43 objects :
19:33:23.830 [main] DEBUG io.searchbox.client.http.JestHttpClient - POST method created based on client request
19:33:23.833 [main] DEBUG io.searchbox.client.http.JestHttpClient - Request method=POST url=http://localhost:9200/onmshardata/onmshartype/_bulk
19:33:23.839 [main] DEBUG org.apache.http.client.protocol.RequestAddCookies - CookieSpec selected: default
19:33:23.844 [main] DEBUG org.apache.http.client.protocol.RequestAuthCache - Auth cache not set in the context
19:33:23.845 [main] DEBUG org.apache.http.impl.conn.PoolingHttpClientConnectionManager - Connection request: [route: {}->http://localhost:9200][total kept alive: 0; route allocated: 0 of 2; total allocated: 0 of 20]
19:33:23.852 [main] DEBUG org.apache.http.impl.conn.PoolingHttpClientConnectionManager - Connection leased: [id: 0][route: {}->http://localhost:9200][total kept alive: 0; route allocated: 1 of 2; total allocated: 1 of 20]
19:33:23.853 [main] DEBUG org.apache.http.impl.execchain.MainClientExec - Opening connection {}->http://localhost:9200
19:33:23.855 [main] DEBUG org.apache.http.impl.conn.DefaultHttpClientConnectionOperator - Connecting to localhost/127.0.0.1:9200
19:33:23.856 [main] DEBUG org.apache.http.impl.conn.DefaultHttpClientConnectionOperator - Connection established 127.0.0.1:50647<->127.0.0.1:9200
19:33:23.857 [main] DEBUG org.apache.http.impl.conn.DefaultManagedHttpClientConnection - http-outgoing-0: set socket timeout to 3000
19:33:23.857 [main] DEBUG org.apache.http.impl.execchain.MainClientExec - Executing request POST /onmshardata/onmshartype/_bulk HTTP/1.1
19:33:23.857 [main] DEBUG org.apache.http.impl.execchain.MainClientExec - Target auth state: UNCHALLENGED
19:33:23.857 [main] DEBUG org.apache.http.impl.execchain.MainClientExec - Proxy auth state: UNCHALLENGED
19:33:23.858 [main] DEBUG org.apache.http.headers - http-outgoing-0 >> POST /onmshardata/onmshartype/_bulk HTTP/1.1
19:33:23.859 [main] DEBUG org.apache.http.headers - http-outgoing-0 >> Content-Length: 94567
19:33:23.859 [main] DEBUG org.apache.http.headers - http-outgoing-0 >> Content-Type: application/json; charset=UTF-8
19:33:23.859 [main] DEBUG org.apache.http.headers - http-outgoing-0 >> Host: localhost:9200
19:33:23.859 [main] DEBUG org.apache.http.headers - http-outgoing-0 >> Connection: Keep-Alive
19:33:23.859 [main] DEBUG org.apache.http.headers - http-outgoing-0 >> User-Agent: Apache-HttpClient/4.5.3 (Java/11.0.10)
19:33:23.859 [main] DEBUG org.apache.http.headers - http-outgoing-0 >> Accept-Encoding: gzip,deflate
19:33:23.860 [main] DEBUG org.apache.http.wire - http-outgoing-0 >> "POST /onmshardata/onmshartype/_bulk HTTP/1.1[\r][\n]"
19:33:23.860 [main] DEBUG org.apache.http.wire - http-outgoing-0 >> "Content-Length: 94567[\r][\n]"
19:33:23.860 [main] DEBUG org.apache.http.wire - http-outgoing-0 >> "Content-Type: application/json; charset=UTF-8[\r][\n]"
19:33:23.860 [main] DEBUG org.apache.http.wire - http-outgoing-0 >> "Host: localhost:9200[\r][\n]"
19:33:23.860 [main] DEBUG org.apache.http.wire - http-outgoing-0 >> "Connection: Keep-Alive[\r][\n]"
19:33:23.860 [main] DEBUG org.apache.http.wire - http-outgoing-0 >> "User-Agent: Apache-HttpClient/4.5.3 (Java/11.0.10)[\r][\n]"
19:33:23.860 [main] DEBUG org.apache.http.wire - http-outgoing-0 >> "Accept-Encoding: gzip,deflate[\r][\n]"
19:33:23.860 [main] DEBUG org.apache.http.wire - http-outgoing-0 >> "[\r][\n]"
19:33:23.860 [main] DEBUG org.apache.http.wire - http-outgoing-0 >> "{"index":{}}[\n]"
19:33:23.861 [main] DEBUG org.apache.http.wire - http-outgoing-0 >> "{"pollMetadata":{"startTime":1616873603702,"pollerlocation":null,"latitude":null,"longitude":null,"pollerId":null,"pollerDns":null,"pollerIp":null,"pollId":"7060e226-a1c1-4be6-8fae-5a155f893c51"},"request":{"queryString":"REMOVED","method":"GET","url":"https://snippets.cdn.mozilla.net/us-west/bundles-pregen/Firefox/pt-pt/default.json","httpVersion":"HTTP/1.1","cookies":[],"headers":[{"name":"Host","value":"snippets.cdn.mozilla.net"},{"name":"User-Agent","value":"Mozilla/5.0 (Windows NT 10.0; Win64; x64; rv:84.0) Gecko/20100101 Firefox/84.0"},{"name":"Accept","value":"*/*"},{"name":"Accept-Language","value":"pt-PT,pt;q=0.8,en;q=0.5,en-US;q=0.3"},{"name":"Accept-Encoding","value":"gzip, deflate, br"},{"name":"Connection","value":"keep-alive"}],"headersSize":320,"bodySize":0,"comment":""},"response":{"content":{"text":"REMOVED","size":3,"mimeType":"application/json","comment":""},"status":200,"statusText":"OK","httpVersion":"HTTP/1.1","cookies":[],"headers":[{"name":"Content-Type","value":"application/json"},{"name":"Content-Length","value":"3"},{"name":"Connection","value":"keep-alive"},{"name":"Last-Modified","value":"Wed, 30 Oct 2019 08:26:45 GMT"},{"name":"x-amz-version-id","value":"null"},{"name":"Accept-Ranges","value":"bytes"},{"name":"Server","value":"AmazonS3"},{"name":"Date","value":"Thu, 04 Mar 2021 13:49:07 GMT"},{"name":"Cache-Control","value":"max-age=600"},{"name":"ETag","value":"\"8a80554c91d9fca8acb82f023de02f11\""},{"name":"X-Cache","value":"Error from cloudfront"},{"name":"Via","value":"1.1 b36be15970c5843fdffdeac4b63f2ad9.cloudfront.net (CloudFront)"},{"name":"X-Amz-Cf-Pop","value":"LHR61-C2"},{"name":"X-Amz-Cf-Id","value":"pFm625DWZnyrOiqNPdSadhCOh4kLsW4X1kXhtQ80INyJsl677rE5Uw=="},{"name":"Age","value":"151"}],"redirectURL":"","headersSize":521,"bodySize":3,"comment":""},"pageref":"asuse","startedDateTime":"2021-03-04T13:50:50.652Z","cache":{},"timings":{"comment":"","receive":2,"dns":-1,"send":2,"connect":-1,"wait":162,"ssl":-1,"blocked":-1},"serverIPAddress":"13.224.227.105","comment":"","time":166}[\n]"
19:33:23.861 [main] DEBUG org.apache.http.wire - http-outgoing-0 >> "{"index":{}}[\n]"
19:33:23.862 [main] DEBUG org.apache.http.wire - http-outgoing-0 >> "{"pollMetadata":{"startTime":1616873603702,"pollerlocation":null,"latitude":null,"longitude":null,"pollerId":null,"pollerDns":null,"pollerIp":null,"pollId":"7060e226-a1c1-4be6-8fae-5a155f893c51"},"request":{"queryString":"REMOVED","method":"GET","url":"https://tracking-protection.cdn.mozilla.net/social-track-digest256/84.0/1608188613","httpVersion":"HTTP/1.1","cookies":[],"headers":[{"name":"Host","value":"tracking-protection.cdn.mozilla.net"},{"name":"User-Agent","value":"Mozilla/5.0 (Windows NT 10.0; Win64; x64; rv:84.0) Gecko/20100101 Firefox/84.0"},{"name":"Accept","value":"*/*"},{"name":"Accept-Language","value":"pt-PT,pt;q=0.8,en;q=0.5,en-US;q=0.3"},{"name":"Accept-Encoding","value":"gzip, deflate, br"},{"name":"Connection","value":"close"},{"name":"Pragma","value":"no-cache"},{"name":"Cache-Control","value":"no-cache"}],"headersSize":358,"bodySize":0,"comment":""},"response":{"content":{"text":"REMOVED","size":2133,"mimeType":"application/octet-stream","comment":""},"status":200,"statusText":"OK","httpVersion":"HTTP/1.1","cookies":[],"headers":[{"name":"Content-Type","value":"application/octet-stream"},{"name":"Content-Length","value":"2133"},{"name":"Connection","value":"keep-alive"},{"name":"Last-Modified","value":"Thu, 17 Dec 2020 07:07:13 GMT"},{"name":"Accept-Ranges","value":"bytes"},{"name":"Server","value":"AmazonS3"},{"name":"Date","value":"Wed, 03 Mar 2021 22:45:55 GMT"},{"name":"ETag","value":"\"960bafedb02f4a1689cdb7fa969c9718\""},{"name":"X-Cache","value":"Hit from cloudfront"},{"name":"Via","value":"1.1 da1b51482b08b4548d36c4cddfb34c00.cloudfront.net (CloudFront)"},{"name":"X-Amz-Cf-Pop","value":"LHR61-C2"},{"name":"X-Amz-Cf-Id","value":"Lvx5NMFGGzou_79nEXlXlEQTYMkg2ntZIV9G0aYM7lGrBTdEvcbjTg=="},{"name":"Age","value":"54296"}],"redirectURL":"","headersSize":480,"bodySize":2133,"comment":""},"pageref":"asuse","startedDateTime":"2021-03-04T13:50:50.652Z","cache":{},"timings":{"comment":"","receive":2,"dns":-1,"send":4,"connect":-1,"wait":20,"ssl":-1,"blocked":-1},"serverIPAddress":"13.224.227.37","comment":"","time":26}[\n]"
19:33:23.862 [main] DEBUG org.apache.http.wire - http-outgoing-0 >> "{"index":{}}[\n]"
19:33:23.862 [main] DEBUG org.apache.http.wire - http-outgoing-0 >> "{"pollMetadata":{"startTime":1616873603702,"pollerlocation":null,"latitude":null,"longitude":null,"pollerId":null,"pollerDns":null,"pollerIp":null,"pollId":"7060e226-a1c1-4be6-8fae-5a155f893c51"},"request":{"queryString":"REMOVED","method":"GET","url":"https://learn.solent.ac.uk/","httpVersion":"HTTP/1.1","cookies":[],"headers":[{"name":"Host","value":"learn.solent.ac.uk"},{"name":"User-Agent","value":"Mozilla/5.0 (Windows NT 10.0; Win64; x64; rv:84.0) Gecko/20100101 Firefox/84.0"},{"name":"Accept","value":"text/html,application/xhtml+xml,application/xml;q=0.9,image/webp,*/*;q=0.8"},{"name":"Accept-Language","value":"pt-PT,pt;q=0.8,en;q=0.5,en-US;q=0.3"},{"name":"Accept-Encoding","value":"gzip, deflate, br"},{"name":"Connection","value":"keep-alive"},{"name":"Upgrade-Insecure-Requests","value":"1"}],"headersSize":366,"bodySize":0,"comment":""},"response":{"content":{"text":"REMOVED","size":57018,"mimeType":"text/html; charset=utf-8","comment":""},"status":200,"statusText":"OK","httpVersion":"HTTP/1.1","cookies":[],"headers":[{"name":"Date","value":"Thu, 04 Mar 2021 13:50:50 GMT"},{"name":"Server","value":"Apache"},{"name":"Set-Cookie","value":"MoodleSessionlearn=20051da0f161645365a090ca3747527c; path=/; domain=.solent.ac.uk"},{"name":"Expires","value":"Mon, 20 Aug 1969 09:23:00 GMT"},{"name":"Cache-Control","value":"no-store, no-cache, must-revalidate"},{"name":"Pragma","value":"no-cache"},{"name":"Set-Cookie","value":"MoodleSessionlearn=d2e184589dc37844586d8fd7a736550b; path=/; domain=.solent.ac.uk"},{"name":"Content-Language","value":"en"},{"name":"Content-Script-Type","value":"text/javascript"},{"name":"Content-Style-Type","value":"text/css"},{"name":"X-UA-Compatible","value":"IE=edge"},{"name":"Cache-Control","value":"post-check=0, pre-check=0, no-transform"},{"name":"Last-Modified","value":"Thu, 04 Mar 2021 13:50:50 GMT"},{"name":"Accept-Ranges","value":"none"},{"name":"X-Frame-Options","value":"sameorigin"},{"name":"Vary","value":"Accept-Encoding"},{"name":"Content-Encoding","value":"gzip"},{"name":"Content-Length","value":"11185"},{"name":"Content-Type","value":"text/html; charset=utf-8"}],"redirectURL":"","headersSize":752,"bodySize":11185,"comment":""},"pageref":"asuse","startedDateTime":"2021-03-04T13:50:50.652Z","cache":{},"timings":{"comment":"","receive":9,"dns":25,"send":1,"connect":1706,"wait":322,"ssl":1587,"blocked":0},"serverIPAddress":"194.66.93.115","comment":"","time":2065}[\n]"
19:33:23.863 [main] DEBUG org.apache.http.wire - http-outgoing-0 >> "{"index":{}}[\n]"
19:33:23.863 [main] DEBUG org.apache.http.wire - http-outgoing-0 >> "{"pollMetadata":{"startTime":1616873603702,"pollerlocation":null,"latitude":null,"longitude":null,"pollerId":null,"pollerDns":null,"pollerIp":null,"pollId":"7060e226-a1c1-4be6-8fae-5a155f893c51"},"request":{"queryString":"REMOVED","method":"GET","url":"https://tracking-protection.cdn.mozilla.net/analytics-track-digest256/84.0/1608188613","httpVersion":"HTTP/1.1","cookies":[],"headers":[{"name":"Host","value":"tracking-protection.cdn.mozilla.net"},{"name":"User-Agent","value":"Mozilla/5.0 (Windows NT 10.0; Win64; x64; rv:84.0) Gecko/20100101 Firefox/84.0"},{"name":"Accept","value":"*/*"},{"name":"Accept-Language","value":"pt-PT,pt;q=0.8,en;q=0.5,en-US;q=0.3"},{"name":"Accept-Encoding","value":"gzip, deflate, br"},{"name":"Connection","value":"close"},{"name":"Pragma","value":"no-cache"},{"name":"Cache-Control","value":"no-cache"}],"headersSize":361,"bodySize":0,"comment":""},"response":{"content":{"text":"REMOVED","size":9877,"mimeType":"application/octet-stream","comment":""},"status":200,"statusText":"OK","httpVersion":"HTTP/1.1","cookies":[],"headers":[{"name":"Content-Type","value":"application/octet-stream"},{"name":"Content-Length","value":"9877"},{"name":"Connection","value":"keep-alive"},{"name":"Date","value":"Wed, 03 Mar 2021 16:49:34 GMT"},{"name":"Last-Modified","value":"Thu, 17 Dec 2020 07:07:12 GMT"},{"name":"ETag","value":"\"b05754b39e72b4b645fa502a8359d0f2\""},{"name":"Accept-Ranges","value":"bytes"},{"name":"Server","value":"AmazonS3"},{"name":"X-Cache","value":"Hit from cloudfront"},{"name":"Via","value":"1.1 73d28c256395ed91a9d3be64df71b870.cloudfront.net (CloudFront)"},{"name":"X-Amz-Cf-Pop","value":"LHR61-C2"},{"name":"X-Amz-Cf-Id","value":"r03TxxF0e9V2qc5M3AqsQN5b2_mMXwK24DXlbLCYyDtTSFEsKy6HZQ=="},{"name":"Age","value":"75677"}],"redirectURL":"","headersSize":480,"bodySize":9877,"comment":""},"pageref":"asuse","startedDateTime":"2021-03-04T13:50:50.799Z","cache":{},"timings":{"comment":"","receive":1,"dns":0,"send":1,"connect":104,"wait":26,"ssl":76,"blocked":0},"serverIPAddress":"13.224.227.37","comment":"","time":134}[\n]"
19:33:23.864 [main] DEBUG org.apache.http.wire - http-outgoing-0 >> "{"index":{}}[\n]"
19:33:23.864 [main] DEBUG org.apache.http.wire - http-outgoing-0 >> "{"pollMetadata":{"startTime":1616873603702,"pollerlocation":null,"latitude":null,"longitude":null,"pollerId":null,"pollerDns":null,"pollerIp":null,"pollId":"7060e226-a1c1-4be6-8fae-5a155f893c51"},"request":{"queryString":"REMOVED","method":"GET","url":"https://tracking-protection.cdn.mozilla.net/content-track-digest256/84.0/1608188613","httpVersion":"HTTP/1.1","cookies":[],"headers":[{"name":"Host","value":"tracking-protection.cdn.mozilla.net"},{"name":"User-Agent","value":"Mozilla/5.0 (Windows NT 10.0; Win64; x64; rv:84.0) Gecko/20100101 Firefox/84.0"},{"name":"Accept","value":"*/*"},{"name":"Accept-Language","value":"pt-PT,pt;q=0.8,en;q=0.5,en-US;q=0.3"},{"name":"Accept-Encoding","value":"gzip, deflate, br"},{"name":"Connection","value":"close"},{"name":"Pragma","value":"no-cache"},{"name":"Cache-Control","value":"no-cache"}],"headersSize":359,"bodySize":0,"comment":""},"response":{"content":{"text":"REMOVED","size":15542,"mimeType":"application/octet-stream","comment":""},"status":200,"statusText":"OK","httpVersion":"HTTP/1.1","cookies":[],"headers":[{"name":"Content-Type","value":"application/octet-stream"},{"name":"Content-Length","value":"15542"},{"name":"Connection","value":"keep-alive"},{"name":"Last-Modified","value":"Thu, 17 Dec 2020 07:07:09 GMT"},{"name":"Accept-Ranges","value":"bytes"},{"name":"Server","value":"AmazonS3"},{"name":"Date","value":"Wed, 03 Mar 2021 17:28:41 GMT"},{"name":"ETag","value":"\"6d193a8952b340e0b669249723295d81\""},{"name":"X-Cache","value":"Hit from cloudfront"},{"name":"Via","value":"1.1 9d050fbf11362165fc47c03a14392c36.cloudfront.net (CloudFront)"},{"name":"X-Amz-Cf-Pop","value":"LHR61-C2"},{"name":"X-Amz-Cf-Id","value":"456EnYlzQyolxOQL7cXHiCZHRE_fIhzxfNxMvvdbPJu5HoyYTPXH9A=="},{"name":"Age","value":"73330"}],"redirectURL":"","headersSize":481,"bodySize":15542,"comment":""},"pageref":"asuse","startedDateTime":"2021-03-04T13:50:50.940Z","cache":{},"timings":{"comment":"","receive":1,"dns":0,"send":1,"connect":96,"wait":23,"ssl":61,"blocked":0},"serverIPAddress":"13.224.227.37","comment":"","time":122}[\n]"
19:33:23.865 [main] DEBUG org.apache.http.wire - http-outgoing-0 >> "{"index":{}}[\n]"
19:33:23.865 [main] DEBUG org.apache.http.wire - http-outgoing-0 >> "{"pollMetadata":{"startTime":1616873603702,"pollerlocation":null,"latitude":null,"longitude":null,"pollerId":null,"pollerDns":null,"pollerIp":null,"pollId":"7060e226-a1c1-4be6-8fae-5a155f893c51"},"request":{"queryString":"REMOVED","method":"GET","url":"http://detectportal.firefox.com/success.txt","httpVersion":"HTTP/1.1","cookies":[],"headers":[{"name":"Host","value":"detectportal.firefox.com"},{"name":"User-Agent","value":"Mozilla/5.0 (Windows NT 10.0; Win64; x64; rv:84.0) Gecko/20100101 Firefox/84.0"},{"name":"Accept","value":"*/*"},{"name":"Accept-Language","value":"pt-PT,pt;q=0.8,en;q=0.5,en-US;q=0.3"},{"name":"Accept-Encoding","value":"gzip, deflate"},{"name":"Cache-Control","value":"no-cache"},{"name":"Pragma","value":"no-cache"},{"name":"Connection","value":"keep-alive"}],"headersSize":352,"bodySize":0,"comment":""},"response":{"content":{"text":"REMOVED","size":8,"mimeType":"text/plain","comment":""},"status":200,"statusText":"OK","httpVersion":"HTTP/1.1","cookies":[],"headers":[{"name":"Server","value":"nginx"},{"name":"Date","value":"Thu, 04 Mar 2021 03:44:45 GMT"},{"name":"Content-Type","value":"text/plain"},{"name":"Content-Length","value":"8"},{"name":"Via","value":"1.1 google"},{"name":"Age","value":"36366"},{"name":"Cache-Control","value":"public, must-revalidate, max-age=0, s-maxage=86400"}],"redirectURL":"","headersSize":214,"bodySize":8,"comment":""},"pageref":"asuse","startedDateTime":"2021-03-04T13:50:51.029Z","cache":{},"timings":{"comment":"","receive":1,"dns":0,"send":0,"connect":86,"wait":125,"ssl":-1,"blocked":0},"serverIPAddress":"34.107.221.82","comment":"","time":215}[\n]"
19:33:23.866 [main] DEBUG org.apache.http.wire - http-outgoing-0 >> "{"index":{}}[\n]"
19:33:23.866 [main] DEBUG org.apache.http.wire - http-outgoing-0 >> "{"pollMetadata":{"startTime":1616873603702,"pollerlocation":null,"latitude":null,"longitude":null,"pollerId":null,"pollerDns":null,"pollerIp":null,"pollId":"7060e226-a1c1-4be6-8fae-5a155f893c51"},"request":{"queryString":"REMOVED","method":"GET","url":"https://learn.solent.ac.uk/theme/yui_combo.php?rollup/3.17.2/yui-moodlesimple-min.css","httpVersion":"HTTP/1.1","cookies":[],"headers":[{"name":"Host","value":"learn.solent.ac.uk"},{"name":"User-Agent","value":"Mozilla/5.0 (Windows NT 10.0; Win64; x64; rv:84.0) Gecko/20100101 Firefox/84.0"},{"name":"Accept","value":"text/css,*/*;q=0.1"},{"name":"Accept-Language","value":"pt-PT,pt;q=0.8,en;q=0.5,en-US;q=0.3"},{"name":"Accept-Encoding","value":"gzip, deflate, br"},{"name":"Connection","value":"keep-alive"},{"name":"Referer","value":"https://learn.solent.ac.uk/"},{"name":"Cookie","value":"MoodleSessionlearn=d2e184589dc37844586d8fd7a736550b"}],"headersSize":437,"bodySize":0,"comment":""},"response":{"content":{"text":"REMOVED","size":3627,"mimeType":"text/css;charset=UTF-8","comment":""},"status":200,"statusText":"OK","httpVersion":"HTTP/1.1","cookies":[],"headers":[{"name":"Date","value":"Thu, 04 Mar 2021 13:50:50 GMT"},{"name":"Server","value":"Apache"},{"name":"Content-Disposition","value":"inline; filename=\"combo\""},{"name":"Last-Modified","value":"Tue, 19 Jan 2021 08:26:57 GMT"},{"name":"Expires","value":"Sun, 27 Feb 2022 13:50:50 GMT"},{"name":"Pragma","value":""},{"name":"Cache-Control","value":"public, max-age=31104000, immutable"},{"name":"Accept-Ranges","value":"none"},{"name":"Etag","value":"\"b9bc567c469e2872cf3bbb14603342a72de2509b\""},{"name":"Content-Encoding","value":"gzip"},{"name":"Vary","value":"Accept-Encoding"},{"name":"Content-Length","value":"1031"},{"name":"Content-Type","value":"text/css;charset=UTF-8"}],"redirectURL":"","headersSize":447,"bodySize":1031,"comment":""},"pageref":"asuse","startedDateTime":"2021-03-04T13:50:51.087Z","cache":{},"timings":{"comment":"","receive":15,"dns":-1,"send":3,"connect":-1,"wait":510,"ssl":-1,"blocked":-1},"serverIPAddress":"194.66.93.115","comment":"","time":528}[\n]"
19:33:23.867 [main] DEBUG org.apache.http.wire - http-outgoing-0 >> "{"index":{}}[\n]"
19:33:23.867 [main] DEBUG org.apache.http.wire - http-outgoing-0 >> "{"pollMetadata":{"startTime":1616873603702,"pollerlocation":null,"latitude":null,"longitude":null,"pollerId":null,"pollerDns":null,"pollerIp":null,"pollId":"7060e226-a1c1-4be6-8fae-5a155f893c51"},"request":{"queryString":"REMOVED","method":"GET","url":"https://tracking-protection.cdn.mozilla.net/mozstd-trackwhite-digest256/84.0/1611615822","httpVersion":"HTTP/1.1","cookies":[],"headers":[{"name":"Host","value":"tracking-protection.cdn.mozilla.net"},{"name":"User-Agent","value":"Mozilla/5.0 (Windows NT 10.0; Win64; x64; rv:84.0) Gecko/20100101 Firefox/84.0"},{"name":"Accept","value":"*/*"},{"name":"Accept-Language","value":"pt-PT,pt;q=0.8,en;q=0.5,en-US;q=0.3"},{"name":"Accept-Encoding","value":"gzip, deflate, br"},{"name":"Connection","value":"close"},{"name":"Pragma","value":"no-cache"},{"name":"Cache-Control","value":"no-cache"}],"headersSize":363,"bodySize":0,"comment":""},"response":{"content":{"text":"REMOVED","size":299735,"mimeType":"application/octet-stream","comment":""},"status":200,"statusText":"OK","httpVersion":"HTTP/1.1","cookies":[],"headers":[{"name":"Content-Type","value":"application/octet-stream"},{"name":"Content-Length","value":"299735"},{"name":"Connection","value":"keep-alive"},{"name":"Last-Modified","value":"Mon, 25 Jan 2021 23:07:55 GMT"},{"name":"Accept-Ranges","value":"bytes"},{"name":"Server","value":"AmazonS3"},{"name":"Date","value":"Wed, 03 Mar 2021 20:22:38 GMT"},{"name":"ETag","value":"\"4077e8aa58a275bf76c89fc576064171\""},{"name":"X-Cache","value":"Hit from cloudfront"},{"name":"Via","value":"1.1 b36be15970c5843fdffdeac4b63f2ad9.cloudfront.net (CloudFront)"},{"name":"X-Amz-Cf-Pop","value":"LHR61-C2"},{"name":"X-Amz-Cf-Id","value":"518LQAT4uIJV59tVbP2Tt-m_lk2qXG6PuyIu6jL6_fpUm2sjU8V4jg=="},{"name":"Age","value":"62893"}],"redirectURL":"","headersSize":482,"bodySize":299735,"comment":""},"pageref":"asuse","startedDateTime":"2021-03-04T13:50:51.236Z","cache":{},"timings":{"comment":"","receive":157,"dns":0,"send":1,"connect":256,"wait":111,"ssl":228,"blocked":0},"serverIPAddress":"13.224.227.37","comment":"","time":526}[\n]"
19:33:23.867 [main] DEBUG org.apache.http.wire - http-outgoing-0 >> "{"index":{}}[\n]"
19:33:23.868 [main] DEBUG org.apache.http.wire - http-outgoing-0 >> "{"pollMetadata":{"startTime":1616873603702,"pollerlocation":null,"latitude":null,"longitude":null,"pollerId":null,"pollerDns":null,"pollerIp":null,"pollId":"7060e226-a1c1-4be6-8fae-5a155f893c51"},"request":{"queryString":"REMOVED","method":"GET","url":"http://detectportal.firefox.com/success.txt?ipv4","httpVersion":"HTTP/1.1","cookies":[],"headers":[{"name":"Host","value":"detectportal.firefox.com"},{"name":"User-Agent","value":"Mozilla/5.0 (Windows NT 10.0; Win64; x64; rv:84.0) Gecko/20100101 Firefox/84.0"},{"name":"Accept","value":"*/*"},{"name":"Accept-Language","value":"pt-PT,pt;q=0.8,en;q=0.5,en-US;q=0.3"},{"name":"Accept-Encoding","value":"gzip, deflate"},{"name":"Connection","value":"keep-alive"},{"name":"Pragma","value":"no-cache"},{"name":"Cache-Control","value":"no-cache"}],"headersSize":357,"bodySize":0,"comment":""},"response":{"content":{"text":"REMOVED","size":8,"mimeType":"text/plain","comment":""},"status":200,"statusText":"OK","httpVersion":"HTTP/1.1","cookies":[],"headers":[{"name":"Server","value":"nginx"},{"name":"Date","value":"Wed, 03 Mar 2021 20:07:35 GMT"},{"name":"Content-Type","value":"text/plain"},{"name":"Content-Length","value":"8"},{"name":"Via","value":"1.1 google"},{"name":"Age","value":"63796"},{"name":"Cache-Control","value":"public, must-revalidate, max-age=0, s-maxage=86400"}],"redirectURL":"","headersSize":214,"bodySize":8,"comment":""},"pageref":"asuse","startedDateTime":"2021-03-04T13:50:51.252Z","cache":{},"timings":{"comment":"","receive":9,"dns":0,"send":0,"connect":110,"wait":49,"ssl":-1,"blocked":0},"serverIPAddress":"34.107.221.82","comment":"","time":170}[\n]"
19:33:23.868 [main] DEBUG org.apache.http.wire - http-outgoing-0 >> "{"index":{}}[\n]"
19:33:23.868 [main] DEBUG org.apache.http.wire - http-outgoing-0 >> "{"pollMetadata":{"startTime":1616873603702,"pollerlocation":null,"latitude":null,"longitude":null,"pollerId":null,"pollerDns":null,"pollerIp":null,"pollId":"7060e226-a1c1-4be6-8fae-5a155f893c51"},"request":{"queryString":"REMOVED","method":"GET","url":"http://detectportal.firefox.com/success.txt?ipv6","httpVersion":"HTTP/1.1","cookies":[],"headers":[{"name":"Host","value":"detectportal.firefox.com"},{"name":"User-Agent","value":"Mozilla/5.0 (Windows NT 10.0; Win64; x64; rv:84.0) Gecko/20100101 Firefox/84.0"},{"name":"Accept","value":"*/*"},{"name":"Accept-Language","value":"pt-PT,pt;q=0.8,en;q=0.5,en-US;q=0.3"},{"name":"Accept-Encoding","value":"gzip, deflate"},{"name":"Connection","value":"keep-alive"},{"name":"Pragma","value":"no-cache"},{"name":"Cache-Control","value":"no-cache"}],"headersSize":357,"bodySize":0,"comment":""},"response":{"content":{"text":"REMOVED","size":8,"mimeType":"text/plain","comment":""},"status":200,"statusText":"OK","httpVersion":"HTTP/1.1","cookies":[],"headers":[{"name":"Server","value":"nginx"},{"name":"Date","value":"Thu, 04 Mar 2021 03:44:45 GMT"},{"name":"Content-Type","value":"text/plain"},{"name":"Content-Length","value":"8"},{"name":"Via","value":"1.1 google"},{"name":"Age","value":"36366"},{"name":"Cache-Control","value":"public, must-revalidate, max-age=0, s-maxage=86400"}],"redirectURL":"","headersSize":214,"bodySize":8,"comment":""},"pageref":"asuse","startedDateTime":"2021-03-04T13:50:51.252Z","cache":{},"timings":{"comment":"","receive":2,"dns":0,"send":0,"connect":108,"wait":45,"ssl":-1,"blocked":0},"serverIPAddress":"34.107.221.82","comment":"","time":157}[\n]"
19:33:23.868 [main] DEBUG org.apache.http.wire - http-outgoing-0 >> "{"index":{}}[\n]"
19:33:23.868 [main] DEBUG org.apache.http.wire - http-outgoing-0 >> "{"pollMetadata":{"startTime":1616873603702,"pollerlocation":null,"latitude":null,"longitude":null,"pollerId":null,"pollerDns":null,"pollerIp":null,"pollId":"7060e226-a1c1-4be6-8fae-5a155f893c51"},"request":{"queryString":"REMOVED","method":"GET","url":"https://learn.solent.ac.uk/theme/styles.php/solent/1614187315_1611046437/all","httpVersion":"HTTP/1.1","cookies":[],"headers":[{"name":"Host","value":"learn.solent.ac.uk"},{"name":"User-Agent","value":"Mozilla/5.0 (Windows NT 10.0; Win64; x64; rv:84.0) Gecko/20100101 Firefox/84.0"},{"name":"Accept","value":"text/css,*/*;q=0.1"},{"name":"Accept-Language","value":"pt-PT,pt;q=0.8,en;q=0.5,en-US;q=0.3"},{"name":"Accept-Encoding","value":"gzip, deflate, br"},{"name":"Connection","value":"keep-alive"},{"name":"Referer","value":"https://learn.solent.ac.uk/"},{"name":"Cookie","value":"MoodleSessionlearn=d2e184589dc37844586d8fd7a736550b"}],"headersSize":428,"bodySize":0,"comment":""},"response":{"content":{"text":"REMOVED","size":866157,"mimeType":"text/css; charset=utf-8","comment":""},"status":200,"statusText":"OK","httpVersion":"HTTP/1.1","cookies":[],"headers":[{"name":"Date","value":"Thu, 04 Mar 2021 13:50:51 GMT"},{"name":"Server","value":"Apache"},{"name":"Etag","value":"\"ad54d95ef1b2a3e4caa3e6184683512a0a816eba\""},{"name":"Content-Disposition","value":"inline; filename=\"styles.php\""},{"name":"Last-Modified","value":"Wed, 24 Feb 2021 17:22:16 GMT"},{"name":"Expires","value":"Wed, 02 Jun 2021 13:50:51 GMT"},{"name":"Pragma","value":""},{"name":"Cache-Control","value":"public, max-age=7776000, immutable"},{"name":"Accept-Ranges","value":"none"},{"name":"Content-Encoding","value":"gzip"},{"name":"Vary","value":"Accept-Encoding"},{"name":"Transfer-Encoding","value":"chunked"},{"name":"Content-Type","value":"text/css; charset=utf-8"}],"redirectURL":"","headersSize":458,"bodySize":142520,"comment":""},"pageref":"asuse","startedDateTime":"2021-03-04T13:50:51.441Z","cache":{},"timings":{"comment":"","receive":165,"dns":0,"send":16,"connect":334,"wait":42,"ssl":205,"blocked":0},"serverIPAddress":"194.66.93.115","comment":"","time":558}[\n]"
19:33:23.868 [main] DEBUG org.apache.http.wire - http-outgoing-0 >> "{"index":{}}[\n]"
19:33:23.868 [main] DEBUG org.apache.http.wire - http-outgoing-0 >> "{"pollMetadata":{"startTime":1616873603702,"pollerlocation":null,"latitude":null,"longitude":null,"pollerId":null,"pollerDns":null,"pollerIp":null,"pollId":"7060e226-a1c1-4be6-8fae-5a155f893c51"},"request":{"queryString":"REMOVED","method":"GET","url":"https://learn.solent.ac.uk/lib/javascript.php/1614187315/lib/javascript-static.js","httpVersion":"HTTP/1.1","cookies":[],"headers":[{"name":"Host","value":"learn.solent.ac.uk"},{"name":"User-Agent","value":"Mozilla/5.0 (Windows NT 10.0; Win64; x64; rv:84.0) Gecko/20100101 Firefox/84.0"},{"name":"Accept","value":"*/*"},{"name":"Accept-Language","value":"pt-PT,pt;q=0.8,en;q=0.5,en-US;q=0.3"},{"name":"Accept-Encoding","value":"gzip, deflate, br"},{"name":"Connection","value":"keep-alive"},{"name":"Referer","value":"https://learn.solent.ac.uk/"},{"name":"Cookie","value":"MoodleSessionlearn=d2e184589dc37844586d8fd7a736550b"}],"headersSize":418,"bodySize":0,"comment":""},"response":{"content":{"text":"REMOVED","size":21366,"mimeType":"application/javascript; charset=utf-8","comment":""},"status":200,"statusText":"OK","httpVersion":"HTTP/1.1","cookies":[],"headers":[{"name":"Date","value":"Thu, 04 Mar 2021 13:50:51 GMT"},{"name":"Server","value":"Apache"},{"name":"Etag","value":"\"9be0b3b0ac8fe21d96b5851cd5cb90cfa5aad4dd\""},{"name":"Content-Disposition","value":"inline; filename=\"javascript.php\""},{"name":"Last-Modified","value":"Wed, 24 Feb 2021 17:22:16 GMT"},{"name":"Expires","value":"Wed, 02 Jun 2021 13:50:51 GMT"},{"name":"Pragma","value":""},{"name":"Cache-Control","value":"public, max-age=7776000, immutable"},{"name":"Accept-Ranges","value":"none"},{"name":"Content-Encoding","value":"gzip"},{"name":"Vary","value":"Accept-Encoding"},{"name":"Content-Length","value":"6779"},{"name":"Content-Type","value":"application/javascript; charset=utf-8"}],"redirectURL":"","headersSize":470,"bodySize":6779,"comment":""},"pageref":"asuse","startedDateTime":"2021-03-04T13:50:51.441Z","cache":{},"timings":{"comment":"","receive":10,"dns":0,"send":1,"connect":330,"wait":35,"ssl":209,"blocked":0},"serverIPAddress":"194.66.93.115","comment":"","time":378}[\n]"
19:33:23.868 [main] DEBUG org.apache.http.wire - http-outgoing-0 >> "{"index":{}}[\n]"
19:33:23.868 [main] DEBUG org.apache.http.wire - http-outgoing-0 >> "{"pollMetadata":{"startTime":1616873603702,"pollerlocation":null,"latitude":null,"longitude":null,"pollerId":null,"pollerDns":null,"pollerIp":null,"pollId":"7060e226-a1c1-4be6-8fae-5a155f893c51"},"request":{"queryString":"REMOVED","method":"GET","url":"http://detectportal.firefox.com/success.txt","httpVersion":"HTTP/1.1","cookies":[],"headers":[{"name":"Host","value":"detectportal.firefox.com"},{"name":"User-Agent","value":"Mozilla/5.0 (Windows NT 10.0; Win64; x64; rv:84.0) Gecko/20100101 Firefox/84.0"},{"name":"Accept","value":"*/*"},{"name":"Accept-Language","value":"pt-PT,pt;q=0.8,en;q=0.5,en-US;q=0.3"},{"name":"Accept-Encoding","value":"gzip, deflate"},{"name":"Cache-Control","value":"no-cache"},{"name":"Pragma","value":"no-cache"},{"name":"Connection","value":"keep-alive"}],"headersSize":352,"bodySize":0,"comment":""},"response":{"content":{"text":"REMOVED","size":8,"mimeType":"text/plain","comment":""},"status":200,"statusText":"OK","httpVersion":"HTTP/1.1","cookies":[],"headers":[{"name":"Server","value":"nginx"},{"name":"Date","value":"Thu, 04 Mar 2021 03:44:45 GMT"},{"name":"Content-Type","value":"text/plain"},{"name":"Content-Length","value":"8"},{"name":"Via","value":"1.1 google"},{"name":"Age","value":"36366"},{"name":"Cache-Control","value":"public, must-revalidate, max-age=0, s-maxage=86400"}],"redirectURL":"","headersSize":214,"bodySize":8,"comment":""},"pageref":"asuse","startedDateTime":"2021-03-04T13:50:51.474Z","cache":{},"timings":{"comment":"","receive":5,"dns":-1,"send":1,"connect":-1,"wait":30,"ssl":-1,"blocked":-1},"serverIPAddress":"34.107.221.82","comment":"","time":37}[\n]"
19:33:23.869 [main] DEBUG org.apache.http.wire - http-outgoing-0 >> "{"index":{}}[\n]"
19:33:23.869 [main] DEBUG org.apache.http.wire - http-outgoing-0 >> "{"pollMetadata":{"startTime":1616873603702,"pollerlocation":null,"latitude":null,"longitude":null,"pollerId":null,"pollerDns":null,"pollerIp":null,"pollId":"7060e226-a1c1-4be6-8fae-5a155f893c51"},"request":{"queryString":"REMOVED","method":"GET","url":"https://learn.solent.ac.uk/theme/yui_combo.php?rollup/3.17.2/yui-moodlesimple-min.js","httpVersion":"HTTP/1.1","cookies":[],"headers":[{"name":"Host","value":"learn.solent.ac.uk"},{"name":"User-Agent","value":"Mozilla/5.0 (Windows NT 10.0; Win64; x64; rv:84.0) Gecko/20100101 Firefox/84.0"},{"name":"Accept","value":"*/*"},{"name":"Accept-Language","value":"pt-PT,pt;q=0.8,en;q=0.5,en-US;q=0.3"},{"name":"Accept-Encoding","value":"gzip, deflate, br"},{"name":"Connection","value":"keep-alive"},{"name":"Referer","value":"https://learn.solent.ac.uk/"},{"name":"Cookie","value":"MoodleSessionlearn=d2e184589dc37844586d8fd7a736550b"}],"headersSize":421,"bodySize":0,"comment":""},"response":{"content":{"text":"REMOVED","size":282944,"mimeType":"application/javascript","comment":""},"status":200,"statusText":"OK","httpVersion":"HTTP/1.1","cookies":[],"headers":[{"name":"Date","value":"Thu, 04 Mar 2021 13:50:51 GMT"},{"name":"Server","value":"Apache"},{"name":"Content-Disposition","value":"inline; filename=\"combo\""},{"name":"Last-Modified","value":"Tue, 19 Jan 2021 08:26:20 GMT"},{"name":"Expires","value":"Sun, 27 Feb 2022 13:50:51 GMT"},{"name":"Pragma","value":""},{"name":"Cache-Control","value":"public, max-age=31104000, immutable"},{"name":"Accept-Ranges","value":"none"},{"name":"Etag","value":"\"78581a0bac8a932effb32db3e91e0f2f2b47c08e\""},{"name":"Content-Encoding","value":"gzip"},{"name":"Vary","value":"Accept-Encoding"},{"name":"Transfer-Encoding","value":"chunked"},{"name":"Content-Type","value":"application/javascript"}],"redirectURL":"","headersSize":453,"bodySize":84392,"comment":""},"pageref":"asuse","startedDateTime":"2021-03-04T13:50:51.474Z","cache":{},"timings":{"comment":"","receive":91,"dns":0,"send":2,"connect":337,"wait":50,"ssl":212,"blocked":0},"serverIPAddress":"194.66.93.115","comment":"","time":481}[\n]"
19:33:23.869 [main] DEBUG org.apache.http.wire - http-outgoing-0 >> "{"index":{}}[\n]"
19:33:23.869 [main] DEBUG org.apache.http.wire - http-outgoing-0 >> "{"pollMetadata":{"startTime":1616873603702,"pollerlocation":null,"latitude":null,"longitude":null,"pollerId":null,"pollerDns":null,"pollerIp":null,"pollId":"7060e226-a1c1-4be6-8fae-5a155f893c51"},"request":{"queryString":"REMOVED","method":"GET","url":"https://learn.solent.ac.uk/lib/javascript.php/1614187315/lib/requirejs/require.min.js","httpVersion":"HTTP/1.1","cookies":[],"headers":[{"name":"Host","value":"learn.solent.ac.uk"},{"name":"User-Agent","value":"Mozilla/5.0 (Windows NT 10.0; Win64; x64; rv:84.0) Gecko/20100101 Firefox/84.0"},{"name":"Accept","value":"*/*"},{"name":"Accept-Language","value":"pt-PT,pt;q=0.8,en;q=0.5,en-US;q=0.3"},{"name":"Accept-Encoding","value":"gzip, deflate, br"},{"name":"Connection","value":"keep-alive"},{"name":"Referer","value":"https://learn.solent.ac.uk/"},{"name":"Cookie","value":"MoodleSessionlearn=d2e184589dc37844586d8fd7a736550b"}],"headersSize":422,"bodySize":0,"comment":""},"response":{"content":{"text":"REMOVED","size":17535,"mimeType":"application/javascript; charset=utf-8","comment":""},"status":200,"statusText":"OK","httpVersion":"HTTP/1.1","cookies":[],"headers":[{"name":"Date","value":"Thu, 04 Mar 2021 13:50:51 GMT"},{"name":"Server","value":"Apache"},{"name":"Etag","value":"\"0fca5bc13a8e09e289797b3e59ec637c192b7f27\""},{"name":"Content-Disposition","value":"inline; filename=\"javascript.php\""},{"name":"Last-Modified","value":"Wed, 24 Feb 2021 17:22:16 GMT"},{"name":"Expires","value":"Wed, 02 Jun 2021 13:50:51 GMT"},{"name":"Pragma","value":""},{"name":"Cache-Control","value":"public, max-age=7776000, immutable"},{"name":"Accept-Ranges","value":"none"},{"name":"Content-Encoding","value":"gzip"},{"name":"Vary","value":"Accept-Encoding"},{"name":"Content-Length","value":"6531"},{"name":"Content-Type","value":"application/javascript; charset=utf-8"}],"redirectURL":"","headersSize":470,"bodySize":6531,"comment":""},"pageref":"asuse","startedDateTime":"2021-03-04T13:50:51.475Z","cache":{},"timings":{"comment":"","receive":24,"dns":0,"send":3,"connect":343,"wait":38,"ssl":221,"blocked":0},"serverIPAddress":"194.66.93.115","comment":"","time":410}[\n]"
19:33:23.869 [main] DEBUG org.apache.http.wire - http-outgoing-0 >> "{"index":{}}[\n]"
19:33:23.869 [main] DEBUG org.apache.http.wire - http-outgoing-0 >> "{"pollMetadata":{"startTime":1616873603702,"pollerlocation":null,"latitude":null,"longitude":null,"pollerId":null,"pollerDns":null,"pollerIp":null,"pollId":"7060e226-a1c1-4be6-8fae-5a155f893c51"},"request":{"queryString":"REMOVED","method":"GET","url":"http://detectportal.firefox.com/success.txt?ipv4","httpVersion":"HTTP/1.1","cookies":[],"headers":[{"name":"Host","value":"detectportal.firefox.com"},{"name":"User-Agent","value":"Mozilla/5.0 (Windows NT 10.0; Win64; x64; rv:84.0) Gecko/20100101 Firefox/84.0"},{"name":"Accept","value":"*/*"},{"name":"Accept-Language","value":"pt-PT,pt;q=0.8,en;q=0.5,en-US;q=0.3"},{"name":"Accept-Encoding","value":"gzip, deflate"},{"name":"Connection","value":"keep-alive"},{"name":"Pragma","value":"no-cache"},{"name":"Cache-Control","value":"no-cache"}],"headersSize":357,"bodySize":0,"comment":""},"response":{"content":{"text":"REMOVED","size":8,"mimeType":"text/plain","comment":""},"status":200,"statusText":"OK","httpVersion":"HTTP/1.1","cookies":[],"headers":[{"name":"Server","value":"nginx"},{"name":"Date","value":"Wed, 03 Mar 2021 20:07:35 GMT"},{"name":"Content-Type","value":"text/plain"},{"name":"Content-Length","value":"8"},{"name":"Via","value":"1.1 google"},{"name":"Age","value":"63796"},{"name":"Cache-Control","value":"public, must-revalidate, max-age=0, s-maxage=86400"}],"redirectURL":"","headersSize":214,"bodySize":8,"comment":""},"pageref":"asuse","startedDateTime":"2021-03-04T13:50:51.523Z","cache":{},"timings":{"comment":"","receive":5,"dns":-1,"send":0,"connect":-1,"wait":148,"ssl":-1,"blocked":-1},"serverIPAddress":"34.107.221.82","comment":"","time":154}[\n]"
19:33:23.870 [main] DEBUG org.apache.http.wire - http-outgoing-0 >> "{"index":{}}[\n]"
19:33:23.870 [main] DEBUG org.apache.http.wire - http-outgoing-0 >> "{"pollMetadata":{"startTime":1616873603702,"pollerlocation":null,"latitude":null,"longitude":null,"pollerId":null,"pollerDns":null,"pollerIp":null,"pollId":"7060e226-a1c1-4be6-8fae-5a155f893c51"},"request":{"queryString":"REMOVED","method":"GET","url":"http://detectportal.firefox.com/success.txt?ipv6","httpVersion":"HTTP/1.1","cookies":[],"headers":[{"name":"Host","value":"detectportal.firefox.com"},{"name":"User-Agent","value":"Mozilla/5.0 (Windows NT 10.0; Win64; x64; rv:84.0) Gecko/20100101 Firefox/84.0"},{"name":"Accept","value":"*/*"},{"name":"Accept-Language","value":"pt-PT,pt;q=0.8,en;q=0.5,en-US;q=0.3"},{"name":"Accept-Encoding","value":"gzip, deflate"},{"name":"Connection","value":"keep-alive"},{"name":"Pragma","value":"no-cache"},{"name":"Cache-Control","value":"no-cache"}],"headersSize":357,"bodySize":0,"comment":""},"response":{"content":{"text":"REMOVED","size":8,"mimeType":"text/plain","comment":""},"status":200,"statusText":"OK","httpVersion":"HTTP/1.1","cookies":[],"headers":[{"name":"Server","value":"nginx"},{"name":"Date","value":"Thu, 04 Mar 2021 03:44:45 GMT"},{"name":"Content-Type","value":"text/plain"},{"name":"Content-Length","value":"8"},{"name":"Via","value":"1.1 google"},{"name":"Age","value":"36366"},{"name":"Cache-Control","value":"public, must-revalidate, max-age=0, s-maxage=86400"}],"redirectURL":"","headersSize":214,"bodySize":8,"comment":""},"pageref":"asuse","startedDateTime":"2021-03-04T13:50:51.571Z","cache":{},"timings":{"comment":"","receive":1,"dns":-1,"send":0,"connect":-1,"wait":21,"ssl":-1,"blocked":-1},"serverIPAddress":"34.107.221.82","comment":"","time":23}[\n]"
19:33:23.870 [main] DEBUG org.apache.http.wire - http-outgoing-0 >> "{"index":{}}[\n]"
19:33:23.870 [main] DEBUG org.apache.http.wire - http-outgoing-0 >> "{"pollMetadata":{"startTime":1616873603702,"pollerlocation":null,"latitude":null,"longitude":null,"pollerId":null,"pollerDns":null,"pollerIp":null,"pollId":"7060e226-a1c1-4be6-8fae-5a155f893c51"},"request":{"queryString":"REMOVED","method":"GET","url":"https://kit.fontawesome.com/0c15e368e7.js","httpVersion":"HTTP/1.1","cookies":[],"headers":[{"name":"Host","value":"kit.fontawesome.com"},{"name":"User-Agent","value":"Mozilla/5.0 (Windows NT 10.0; Win64; x64; rv:84.0) Gecko/20100101 Firefox/84.0"},{"name":"Accept","value":"*/*"},{"name":"Accept-Language","value":"pt-PT,pt;q=0.8,en;q=0.5,en-US;q=0.3"},{"name":"Accept-Encoding","value":"gzip, deflate, br"},{"name":"Connection","value":"keep-alive"},{"name":"Referer","value":"https://learn.solent.ac.uk/"}],"headersSize":317,"bodySize":0,"comment":""},"response":{"content":{"text":"REMOVED","size":10865,"mimeType":"text/javascript","comment":""},"status":200,"statusText":"OK","httpVersion":"HTTP/1.1","cookies":[],"headers":[{"name":"Date","value":"Thu, 04 Mar 2021 13:50:51 GMT"},{"name":"Content-Type","value":"text/javascript"},{"name":"Transfer-Encoding","value":"chunked"},{"name":"Connection","value":"keep-alive"},{"name":"Set-Cookie","value":"__cfduid=d18a18f13c4a47c5fe71598daa10802591614865851; expires=Sat, 03-Apr-21 13:50:51 GMT; path=/; domain=.fontawesome.com; HttpOnly; SameSite=Lax"},{"name":"Access-Control-Allow-Headers","value":"accept, accept-langauge, content-language, content-type, fa-kit-token"},{"name":"Access-Control-Allow-Methods","value":"GET, OPTIONS"},{"name":"Access-Control-Allow-Origin","value":"*"},{"name":"Access-Control-Max-Age","value":"3000"},{"name":"Cache-Control","value":"max-age=60, public, must-revalidate"},{"name":"Strict-Transport-Security","value":"max-age=31536000; preload"},{"name":"Vary","value":"origin, accept-encoding, access-control-request-headers, access-control-request-method"},{"name":"X-Request-Id","value":"FmfYHi9K4ZlClpUAADNh"},{"name":"CF-Cache-Status","value":"HIT"},{"name":"Age","value":"59"},{"name":"cf-request-id","value":"089f1a7c48000053ce01823000000001"},{"name":"Expect-CT","value":"max-age=604800, report-uri=\"https://report-uri.cloudflare.com/cdn-cgi/beacon/expect-ct\""},{"name":"Server","value":"cloudflare"},{"name":"CF-RAY","value":"62ab9373a91353ce-LHR"},{"name":"Content-Encoding","value":"gzip"}],"redirectURL":"","headersSize":998,"bodySize":3972,"comment":""},"pageref":"asuse","startedDateTime":"2021-03-04T13:50:51.608Z","cache":{},"timings":{"comment":"","receive":10,"dns":124,"send":2,"connect":362,"wait":31,"ssl":279,"blocked":0},"serverIPAddress":"104.18.23.52","comment":"","time":531}[\n]"
19:33:23.870 [main] DEBUG org.apache.http.wire - http-outgoing-0 >> "{"index":{}}[\n]"
19:33:23.871 [main] DEBUG org.apache.http.wire - http-outgoing-0 >> "{"pollMetadata":{"startTime":1616873603702,"pollerlocation":null,"latitude":null,"longitude":null,"pollerId":null,"pollerDns":null,"pollerIp":null,"pollId":"7060e226-a1c1-4be6-8fae-5a155f893c51"},"request":{"queryString":"REMOVED","method":"GET","url":"https://www.googletagmanager.com/gtag/js?id=UA-35590968-1","httpVersion":"HTTP/1.1","cookies":[],"headers":[{"name":"Host","value":"www.googletagmanager.com"},{"name":"User-Agent","value":"Mozilla/5.0 (Windows NT 10.0; Win64; x64; rv:84.0) Gecko/20100101 Firefox/84.0"},{"name":"Accept","value":"*/*"},{"name":"Accept-Language","value":"pt-PT,pt;q=0.8,en;q=0.5,en-US;q=0.3"},{"name":"Accept-Encoding","value":"gzip, deflate, br"},{"name":"Connection","value":"keep-alive"},{"name":"Referer","value":"https://learn.solent.ac.uk/"}],"headersSize":333,"bodySize":0,"comment":""},"response":{"content":{"text":"REMOVED","size":39391,"mimeType":"application/javascript; charset=UTF-8","comment":""},"status":200,"statusText":"OK","httpVersion":"HTTP/1.1","cookies":[],"headers":[{"name":"Content-Type","value":"application/javascript; charset=UTF-8"},{"name":"Access-Control-Allow-Origin","value":"*"},{"name":"Access-Control-Allow-Credentials","value":"true"},{"name":"Access-Control-Allow-Headers","value":"Cache-Control"},{"name":"Content-Encoding","value":"br"},{"name":"Vary","value":"Accept-Encoding"},{"name":"Date","value":"Thu, 04 Mar 2021 13:50:51 GMT"},{"name":"Expires","value":"Thu, 04 Mar 2021 13:50:51 GMT"},{"name":"Cache-Control","value":"private, max-age=900"},{"name":"Last-Modified","value":"Thu, 04 Mar 2021 12:00:00 GMT"},{"name":"Strict-Transport-Security","value":"max-age=31536000; includeSubDomains"},{"name":"Cross-Origin-Resource-Policy","value":"cross-origin"},{"name":"Server","value":"Google Tag Manager"},{"name":"Content-Length","value":"39391"},{"name":"X-XSS-Protection","value":"0"},{"name":"Alt-Svc","value":"h3-29=\":443\"; ma=2592000,h3-T051=\":443\"; ma=2592000,h3-Q050=\":443\"; ma=2592000,h3-Q046=\":443\"; ma=2592000,h3-Q043=\":443\"; ma=2592000,quic=\":443\"; ma=2592000; v=\"46,43\""}],"redirectURL":"","headersSize":754,"bodySize":39391,"comment":""},"pageref":"asuse","startedDateTime":"2021-03-04T13:50:51.637Z","cache":{},"timings":{"comment":"","receive":37,"dns":75,"send":5,"connect":457,"wait":32,"ssl":337,"blocked":0},"serverIPAddress":"216.58.213.8","comment":"","time":607}[\n]"
19:33:23.871 [main] DEBUG org.apache.http.wire - http-outgoing-0 >> "{"index":{}}[\n]"
19:33:23.871 [main] DEBUG org.apache.http.wire - http-outgoing-0 >> "{"pollMetadata":{"startTime":1616873603702,"pollerlocation":null,"latitude":null,"longitude":null,"pollerId":null,"pollerDns":null,"pollerIp":null,"pollId":"7060e226-a1c1-4be6-8fae-5a155f893c51"},"request":{"queryString":"REMOVED","method":"GET","url":"https://tracking-protection.cdn.mozilla.net/google-trackwhite-digest256/84.0/1608188613","httpVersion":"HTTP/1.1","cookies":[],"headers":[{"name":"Host","value":"tracking-protection.cdn.mozilla.net"},{"name":"User-Agent","value":"Mozilla/5.0 (Windows NT 10.0; Win64; x64; rv:84.0) Gecko/20100101 Firefox/84.0"},{"name":"Accept","value":"*/*"},{"name":"Accept-Language","value":"pt-PT,pt;q=0.8,en;q=0.5,en-US;q=0.3"},{"name":"Accept-Encoding","value":"gzip, deflate, br"},{"name":"Connection","value":"close"},{"name":"Pragma","value":"no-cache"},{"name":"Cache-Control","value":"no-cache"}],"headersSize":363,"bodySize":0,"comment":""},"response":{"content":{"text":"REMOVED","size":1470328,"mimeType":"application/octet-stream","comment":""},"status":200,"statusText":"OK","httpVersion":"HTTP/1.1","cookies":[],"headers":[{"name":"Content-Type","value":"application/octet-stream"},{"name":"Content-Length","value":"1470328"},{"name":"Connection","value":"keep-alive"},{"name":"Date","value":"Thu, 04 Mar 2021 03:13:57 GMT"},{"name":"Last-Modified","value":"Thu, 17 Dec 2020 07:07:21 GMT"},{"name":"ETag","value":"\"2653594febd02a11614ba8766779baad\""},{"name":"Accept-Ranges","value":"bytes"},{"name":"Server","value":"AmazonS3"},{"name":"X-Cache","value":"Hit from cloudfront"},{"name":"Via","value":"1.1 0015e7de11b197850ab8064c13ee17fa.cloudfront.net (CloudFront)"},{"name":"X-Amz-Cf-Pop","value":"LHR61-C2"},{"name":"X-Amz-Cf-Id","value":"TVGMciyLhrnFTFNkFx4q2BpVx-5HwAjFdEoSgyUqrtruZvY29Eneng=="},{"name":"Age","value":"38215"}],"redirectURL":"","headersSize":483,"bodySize":1470328,"comment":""},"pageref":"asuse","startedDateTime":"2021-03-04T13:50:51.717Z","cache":{},"timings":{"comment":"","receive":129,"dns":0,"send":0,"connect":80,"wait":21,"ssl":60,"blocked":0},"serverIPAddress":"13.224.227.37","comment":"","time":232}[\n]"
19:33:23.871 [main] DEBUG org.apache.http.wire - http-outgoing-0 >> "{"index":{}}[\n]"
19:33:23.871 [main] DEBUG org.apache.http.wire - http-outgoing-0 >> "{"pollMetadata":{"startTime":1616873603702,"pollerlocation":null,"latitude":null,"longitude":null,"pollerId":null,"pollerDns":null,"pollerIp":null,"pollId":"7060e226-a1c1-4be6-8fae-5a155f893c51"},"request":{"queryString":"REMOVED","method":"GET","url":"https://netdna.bootstrapcdn.com/font-awesome/3.2.1/css/font-awesome.min.css","httpVersion":"HTTP/1.1","cookies":[],"headers":[{"name":"Host","value":"netdna.bootstrapcdn.com"},{"name":"User-Agent","value":"Mozilla/5.0 (Windows NT 10.0; Win64; x64; rv:84.0) Gecko/20100101 Firefox/84.0"},{"name":"Accept","value":"text/css,*/*;q=0.1"},{"name":"Accept-Language","value":"pt-PT,pt;q=0.8,en;q=0.5,en-US;q=0.3"},{"name":"Accept-Encoding","value":"gzip, deflate, br"},{"name":"Connection","value":"keep-alive"},{"name":"Referer","value":"https://learn.solent.ac.uk/"}],"headersSize":366,"bodySize":0,"comment":""},"response":{"content":{"text":"REMOVED","size":22084,"mimeType":"text/css; charset=utf-8","comment":""},"status":200,"statusText":"OK","httpVersion":"HTTP/1.1","cookies":[],"headers":[{"name":"Date","value":"Thu, 04 Mar 2021 13:50:51 GMT"},{"name":"Content-Type","value":"text/css; charset=utf-8"},{"name":"Transfer-Encoding","value":"chunked"},{"name":"Connection","value":"keep-alive"},{"name":"Set-Cookie","value":"__cfduid=db1078357cb8aefcfdcc31cca33b230e81614865851; expires=Sat, 03-Apr-21 13:50:51 GMT; path=/; domain=.bootstrapcdn.com; HttpOnly; SameSite=Lax"},{"name":"Vary","value":"Accept-Encoding"},{"name":"CDN-PullZone","value":"252412"},{"name":"CDN-Uid","value":"b1941f61-b576-4f40-80de-5677acb38f74"},{"name":"CDN-RequestCountryCode","value":"GB"},{"name":"CDN-EdgeStorageId","value":"632"},{"name":"CDN-EdgeStorageId","value":"617"},{"name":"Last-Modified","value":"Mon, 25 Jan 2021 22:04:51 GMT"},{"name":"CDN-CachedAt","value":"2021-03-04 14:40:11"},{"name":"CDN-RequestPullSuccess","value":"True"},{"name":"CDN-RequestPullCode","value":"200"},{"name":"Cache-Control","value":"public, max-age=31919000"},{"name":"timing-allow-origin","value":"*"},{"name":"cross-origin-resource-policy","value":"cross-origin"},{"name":"access-control-allow-origin","value":"*"},{"name":"CDN-RequestId","value":"15c019bed91bd3f79ac41e3f5b0c1089"},{"name":"Content-Encoding","value":"gzip"},{"name":"CDN-Cache","value":"HIT"},{"name":"CF-Cache-Status","value":"HIT"},{"name":"Age","value":"636"},{"name":"cf-request-id","value":"089f1a7d16000006edd60cc000000001"},{"name":"Expect-CT","value":"max-age=604800, report-uri=\"https://report-uri.cloudflare.com/cdn-cgi/beacon/expect-ct\""},{"name":"Server","value":"cloudflare"},{"name":"CF-RAY","value":"62ab9374fa9e06ed-LHR"},{"name":"alt-svc","value":"h3-27=\":443\"; ma=86400, h3-28=\":443\"; ma=86400, h3-29=\":443\"; ma=86400"}],"redirectURL":"","headersSize":1157,"bodySize":4861,"comment":""},"pageref":"asuse","startedDateTime":"2021-03-04T13:50:51.823Z","cache":{},"timings":{"comment":"","receive":10,"dns":128,"send":0,"connect":593,"wait":26,"ssl":508,"blocked":0},"serverIPAddress":"104.18.11.207","comment":"","time":759}[\n]"
19:33:23.872 [main] DEBUG org.apache.http.wire - http-outgoing-0 >> "{"index":{}}[\n]"
19:33:23.872 [main] DEBUG org.apache.http.wire - http-outgoing-0 >> "{"pollMetadata":{"startTime":1616873603702,"pollerlocation":null,"latitude":null,"longitude":null,"pollerId":null,"pollerDns":null,"pollerIp":null,"pollId":"7060e226-a1c1-4be6-8fae-5a155f893c51"},"request":{"queryString":"REMOVED","method":"GET","url":"https://tracking-protection.cdn.mozilla.net/allow-flashallow-digest256/1490633678","httpVersion":"HTTP/1.1","cookies":[],"headers":[{"name":"Host","value":"tracking-protection.cdn.mozilla.net"},{"name":"User-Agent","value":"Mozilla/5.0 (Windows NT 10.0; Win64; x64; rv:84.0) Gecko/20100101 Firefox/84.0"},{"name":"Accept","value":"*/*"},{"name":"Accept-Language","value":"pt-PT,pt;q=0.8,en;q=0.5,en-US;q=0.3"},{"name":"Accept-Encoding","value":"gzip, deflate, br"},{"name":"Connection","value":"close"},{"name":"Pragma","value":"no-cache"},{"name":"Cache-Control","value":"no-cache"}],"headersSize":357,"bodySize":0,"comment":""},"response":{"content":{"text":"REMOVED","size":51,"mimeType":"application/octet-stream","comment":""},"status":200,"statusText":"OK","httpVersion":"HTTP/1.1","cookies":[],"headers":[{"name":"Content-Type","value":"application/octet-stream"},{"name":"Content-Length","value":"51"},{"name":"Connection","value":"keep-alive"},{"name":"Last-Modified","value":"Mon, 27 Mar 2017 16:54:56 GMT"},{"name":"Accept-Ranges","value":"bytes"},{"name":"Server","value":"AmazonS3"},{"name":"Date","value":"Thu, 04 Mar 2021 12:53:43 GMT"},{"name":"ETag","value":"\"b3bcc5dd19a3b1868cb6f283472ac23c\""},{"name":"X-Cache","value":"Hit from cloudfront"},{"name":"Via","value":"1.1 180346a9751051e3a71bd41ea7db0e01.cloudfront.net (CloudFront)"},{"name":"X-Amz-Cf-Pop","value":"LHR61-C2"},{"name":"X-Amz-Cf-Id","value":"FlZ3PiRkpj4rMf3U3ZYFHW6A1cJ58krJ1H9O3SnaZAbEwkwIT3sdKg=="},{"name":"Age","value":"3429"}],"redirectURL":"","headersSize":477,"bodySize":51,"comment":""},"pageref":"asuse","startedDateTime":"2021-03-04T13:50:51.953Z","cache":{},"timings":{"comment":"","receive":0,"dns":0,"send":0,"connect":71,"wait":16,"ssl":53,"blocked":0},"serverIPAddress":"13.224.227.37","comment":"","time":89}[\n]"
19:33:23.872 [main] DEBUG org.apache.http.wire - http-outgoing-0 >> "{"index":{}}[\n]"
19:33:23.872 [main] DEBUG org.apache.http.wire - http-outgoing-0 >> "{"pollMetadata":{"startTime":1616873603702,"pollerlocation":null,"latitude":null,"longitude":null,"pollerId":null,"pollerDns":null,"pollerIp":null,"pollId":"7060e226-a1c1-4be6-8fae-5a155f893c51"},"request":{"queryString":"REMOVED","method":"GET","url":"https://fonts.googleapis.com/css?family=Open+Sans:300,400,600,700","httpVersion":"HTTP/1.1","cookies":[],"headers":[{"name":"Host","value":"fonts.googleapis.com"},{"name":"User-Agent","value":"Mozilla/5.0 (Windows NT 10.0; Win64; x64; rv:84.0) Gecko/20100101 Firefox/84.0"},{"name":"Accept","value":"text/css,*/*;q=0.1"},{"name":"Accept-Language","value":"pt-PT,pt;q=0.8,en;q=0.5,en-US;q=0.3"},{"name":"Accept-Encoding","value":"gzip, deflate, br"},{"name":"Connection","value":"keep-alive"},{"name":"Referer","value":"https://learn.solent.ac.uk/theme/styles.php/solent/1614187315_1611046437/all"}],"headersSize":405,"bodySize":0,"comment":""},"response":{"content":{"text":"REMOVED","size":8280,"mimeType":"text/css; charset=utf-8","comment":""},"status":200,"statusText":"OK","httpVersion":"HTTP/1.1","cookies":[],"headers":[{"name":"Content-Type","value":"text/css; charset=utf-8"},{"name":"Access-Control-Allow-Origin","value":"*"},{"name":"Timing-Allow-Origin","value":"*"},{"name":"Link","value":"<https://fonts.gstatic.com>; rel=preconnect; crossorigin"},{"name":"Strict-Transport-Security","value":"max-age=31536000"},{"name":"Expires","value":"Thu, 04 Mar 2021 13:50:51 GMT"},{"name":"Date","value":"Thu, 04 Mar 2021 13:50:51 GMT"},{"name":"Cache-Control","value":"private, max-age=86400"},{"name":"Cross-Origin-Resource-Policy","value":"cross-origin"},{"name":"Content-Encoding","value":"gzip"},{"name":"Server","value":"ESF"},{"name":"X-XSS-Protection","value":"0"},{"name":"X-Frame-Options","value":"SAMEORIGIN"},{"name":"X-Content-Type-Options","value":"nosniff"},{"name":"Alt-Svc","value":"h3-29=\":443\"; ma=2592000,h3-T051=\":443\"; ma=2592000,h3-Q050=\":443\"; ma=2592000,h3-Q046=\":443\"; ma=2592000,h3-Q043=\":443\"; ma=2592000,quic=\":443\"; ma=2592000; v=\"46,43\""},{"name":"Transfer-Encoding","value":"chunked"}],"redirectURL":"","headersSize":711,"bodySize":702,"comment":""},"pageref":"asuse","startedDateTime":"2021-03-04T13:50:52.003Z","cache":{},"timings":{"comment":"","receive":11,"dns":20,"send":0,"connect":179,"wait":27,"ssl":147,"blocked":0},"serverIPAddress":"142.250.178.10","comment":"","time":239}[\n]"
19:33:23.873 [main] DEBUG org.apache.http.wire - http-outgoing-0 >> "{"index":{}}[\n]"
19:33:23.873 [main] DEBUG org.apache.http.wire - http-outgoing-0 >> "{"pollMetadata":{"startTime":1616873603702,"pollerlocation":null,"latitude":null,"longitude":null,"pollerId":null,"pollerDns":null,"pollerIp":null,"pollId":"7060e226-a1c1-4be6-8fae-5a155f893c51"},"request":{"queryString":"REMOVED","method":"GET","url":"https://tracking-protection.cdn.mozilla.net/except-flashallow-digest256/1490633678","httpVersion":"HTTP/1.1","cookies":[],"headers":[{"name":"Host","value":"tracking-protection.cdn.mozilla.net"},{"name":"User-Agent","value":"Mozilla/5.0 (Windows NT 10.0; Win64; x64; rv:84.0) Gecko/20100101 Firefox/84.0"},{"name":"Accept","value":"*/*"},{"name":"Accept-Language","value":"pt-PT,pt;q=0.8,en;q=0.5,en-US;q=0.3"},{"name":"Accept-Encoding","value":"gzip, deflate, br"},{"name":"Connection","value":"close"},{"name":"Pragma","value":"no-cache"},{"name":"Cache-Control","value":"no-cache"}],"headersSize":358,"bodySize":0,"comment":""},"response":{"content":{"text":"REMOVED","size":51,"mimeType":"application/octet-stream","comment":""},"status":200,"statusText":"OK","httpVersion":"HTTP/1.1","cookies":[],"headers":[{"name":"Content-Type","value":"application/octet-stream"},{"name":"Content-Length","value":"51"},{"name":"Connection","value":"keep-alive"},{"name":"Last-Modified","value":"Mon, 27 Mar 2017 16:54:57 GMT"},{"name":"Accept-Ranges","value":"bytes"},{"name":"Server","value":"AmazonS3"},{"name":"Date","value":"Thu, 04 Mar 2021 12:53:43 GMT"},{"name":"ETag","value":"\"2f55dd6ca3ad4914b47d8d2e0f2c35fc\""},{"name":"X-Cache","value":"Hit from cloudfront"},{"name":"Via","value":"1.1 1acbf665fe00b4d436f38e8eeb0ab541.cloudfront.net (CloudFront)"},{"name":"X-Amz-Cf-Pop","value":"LHR61-C2"},{"name":"X-Amz-Cf-Id","value":"GRZqyNJQrC3NFvWkcgPuyLn3Zpf8arZuQa2N2HAjAqFPfsDxBd1wDg=="},{"name":"Age","value":"3429"}],"redirectURL":"","headersSize":477,"bodySize":51,"comment":""},"pageref":"asuse","startedDateTime":"2021-03-04T13:50:52.055Z","cache":{},"timings":{"comment":"","receive":0,"dns":0,"send":0,"connect":77,"wait":15,"ssl":51,"blocked":0},"serverIPAddress":"13.224.227.37","comment":"","time":94}[\n]"
19:33:23.873 [main] DEBUG org.apache.http.wire - http-outgoing-0 >> "{"index":{}}[\n]"
19:33:23.873 [main] DEBUG org.apache.http.wire - http-outgoing-0 >> "{"pollMetadata":{"startTime":1616873603702,"pollerlocation":null,"latitude":null,"longitude":null,"pollerId":null,"pollerDns":null,"pollerIp":null,"pollId":"7060e226-a1c1-4be6-8fae-5a155f893c51"},"request":{"queryString":"REMOVED","method":"GET","url":"https://tracking-protection.cdn.mozilla.net/block-flash-digest256/1604686195","httpVersion":"HTTP/1.1","cookies":[],"headers":[{"name":"Host","value":"tracking-protection.cdn.mozilla.net"},{"name":"User-Agent","value":"Mozilla/5.0 (Windows NT 10.0; Win64; x64; rv:84.0) Gecko/20100101 Firefox/84.0"},{"name":"Accept","value":"*/*"},{"name":"Accept-Language","value":"pt-PT,pt;q=0.8,en;q=0.5,en-US;q=0.3"},{"name":"Accept-Encoding","value":"gzip, deflate, br"},{"name":"Connection","value":"close"},{"name":"Pragma","value":"no-cache"},{"name":"Cache-Control","value":"no-cache"}],"headersSize":352,"bodySize":0,"comment":""},"response":{"content":{"text":"REMOVED","size":6645,"mimeType":"application/octet-stream","comment":""},"status":200,"statusText":"OK","httpVersion":"HTTP/1.1","cookies":[],"headers":[{"name":"Content-Type","value":"application/octet-stream"},{"name":"Content-Length","value":"6645"},{"name":"Connection","value":"keep-alive"},{"name":"Date","value":"Wed, 03 Mar 2021 16:35:11 GMT"},{"name":"Last-Modified","value":"Fri, 06 Nov 2020 18:10:31 GMT"},{"name":"ETag","value":"\"474a9d5016e1a64f281dc27052a5c99c\""},{"name":"Accept-Ranges","value":"bytes"},{"name":"Server","value":"AmazonS3"},{"name":"X-Cache","value":"Hit from cloudfront"},{"name":"Via","value":"1.1 51c6fa41a8f5079dc547fd1acb8e2948.cloudfront.net (CloudFront)"},{"name":"X-Amz-Cf-Pop","value":"LHR61-C2"},{"name":"X-Amz-Cf-Id","value":"4FxHRf-ORIwY9Tok_vmtonb05cDgj52Hszj3rBXl9FiyfzIT7C38RQ=="},{"name":"Age","value":"76541"}],"redirectURL":"","headersSize":480,"bodySize":6645,"comment":""},"pageref":"asuse","startedDateTime":"2021-03-04T13:50:52.141Z","cache":{},"timings":{"comment":"","receive":0,"dns":0,"send":0,"connect":60,"wait":25,"ssl":46,"blocked":0},"serverIPAddress":"13.224.227.37","comment":"","time":87}[\n]"
19:33:23.874 [main] DEBUG org.apache.http.wire - http-outgoing-0 >> "{"index":{}}[\n]"
19:33:23.874 [main] DEBUG org.apache.http.wire - http-outgoing-0 >> "{"pollMetadata":{"startTime":1616873603702,"pollerlocation":null,"latitude":null,"longitude":null,"pollerId":null,"pollerDns":null,"pollerIp":null,"pollId":"7060e226-a1c1-4be6-8fae-5a155f893c51"},"request":{"queryString":"REMOVED","method":"GET","url":"https://learn.solent.ac.uk/theme/yui_combo.php?3.17.2/cssbutton/cssbutton-min.css","httpVersion":"HTTP/1.1","cookies":[],"headers":[{"name":"Host","value":"learn.solent.ac.uk"},{"name":"User-Agent","value":"Mozilla/5.0 (Windows NT 10.0; Win64; x64; rv:84.0) Gecko/20100101 Firefox/84.0"},{"name":"Accept","value":"text/css,*/*;q=0.1"},{"name":"Accept-Language","value":"pt-PT,pt;q=0.8,en;q=0.5,en-US;q=0.3"},{"name":"Accept-Encoding","value":"gzip, deflate, br"},{"name":"Connection","value":"keep-alive"},{"name":"Referer","value":"https://learn.solent.ac.uk/"},{"name":"Cookie","value":"MoodleSessionlearn=d2e184589dc37844586d8fd7a736550b"}],"headersSize":433,"bodySize":0,"comment":""},"response":{"content":{"text":"REMOVED","size":5413,"mimeType":"text/css;charset=UTF-8","comment":""},"status":200,"statusText":"OK","httpVersion":"HTTP/1.1","cookies":[],"headers":[{"name":"Date","value":"Thu, 04 Mar 2021 13:50:52 GMT"},{"name":"Server","value":"Apache"},{"name":"Content-Disposition","value":"inline; filename=\"combo\""},{"name":"Last-Modified","value":"Tue, 19 Jan 2021 08:26:00 GMT"},{"name":"Expires","value":"Sun, 27 Feb 2022 13:50:52 GMT"},{"name":"Pragma","value":""},{"name":"Cache-Control","value":"public, max-age=31104000, immutable"},{"name":"Accept-Ranges","value":"none"},{"name":"Etag","value":"\"323202bec286f8abd417e82b36bf85c33dc46920\""},{"name":"Content-Encoding","value":"gzip"},{"name":"Vary","value":"Accept-Encoding"},{"name":"Content-Length","value":"1106"},{"name":"Content-Type","value":"text/css;charset=UTF-8"}],"redirectURL":"","headersSize":447,"bodySize":1106,"comment":""},"pageref":"asuse","startedDateTime":"2021-03-04T13:50:52.207Z","cache":{},"timings":{"comment":"","receive":1,"dns":-1,"send":0,"connect":-1,"wait":19,"ssl":-1,"blocked":-1},"serverIPAddress":"194.66.93.115","comment":"","time":21}[\n]"
19:33:23.875 [main] DEBUG org.apache.http.wire - http-outgoing-0 >> "{"index":{}}[\n]"
19:33:23.875 [main] DEBUG org.apache.http.wire - http-outgoing-0 >> "{"pollMetadata":{"startTime":1616873603702,"pollerlocation":null,"latitude":null,"longitude":null,"pollerId":null,"pollerDns":null,"pollerIp":null,"pollId":"7060e226-a1c1-4be6-8fae-5a155f893c51"},"request":{"queryString":"REMOVED","method":"GET","url":"https://learn.solent.ac.uk/theme/yui_combo.php?m/1614187315/core/event/event-min.js&m/1614187315/core/widget/widget-focusafterclose-min.js&3.17.2/plugin/plugin-min.js&m/1614187315/core/lockscroll/lockscroll-min.js&m/1614187315/core/notification/notification-dialogue-min.js&m/1614187315/core/notification/notification-alert-min.js&m/1614187315/core/notification/notification-exception-min.js&m/1614187315/core/notification/notification-ajaxexception-min.js&m/1614187315/filter_glossary/autolinker/autolinker-min.js","httpVersion":"HTTP/1.1","cookies":[],"headers":[{"name":"Host","value":"learn.solent.ac.uk"},{"name":"User-Agent","value":"Mozilla/5.0 (Windows NT 10.0; Win64; x64; rv:84.0) Gecko/20100101 Firefox/84.0"},{"name":"Accept","value":"*/*"},{"name":"Accept-Language","value":"pt-PT,pt;q=0.8,en;q=0.5,en-US;q=0.3"},{"name":"Accept-Encoding","value":"gzip, deflate, br"},{"name":"Connection","value":"keep-alive"},{"name":"Referer","value":"https://learn.solent.ac.uk/"},{"name":"Cookie","value":"MoodleSessionlearn=d2e184589dc37844586d8fd7a736550b"}],"headersSize":851,"bodySize":0,"comment":""},"response":{"content":{"text":"REMOVED","size":23287,"mimeType":"application/javascript","comment":""},"status":200,"statusText":"OK","httpVersion":"HTTP/1.1","cookies":[],"headers":[{"name":"Date","value":"Thu, 04 Mar 2021 13:50:52 GMT"},{"name":"Server","value":"Apache"},{"name":"Content-Disposition","value":"inline; filename=\"combo\""},{"name":"Last-Modified","value":"Tue, 19 Jan 2021 08:26:13 GMT"},{"name":"Expires","value":"Sun, 27 Feb 2022 13:50:52 GMT"},{"name":"Pragma","value":""},{"name":"Cache-Control","value":"public, max-age=31104000, immutable"},{"name":"Accept-Ranges","value":"none"},{"name":"Etag","value":"\"3b7a48529b3fc3229abf339d7c1fd57c9da59911\""},{"name":"Content-Encoding","value":"gzip"},{"name":"Vary","value":"Accept-Encoding"},{"name":"Content-Length","value":"6419"},{"name":"Content-Type","value":"application/javascript"}],"redirectURL":"","headersSize":447,"bodySize":6419,"comment":""},"pageref":"asuse","startedDateTime":"2021-03-04T13:50:52.236Z","cache":{},"timings":{"comment":"","receive":9,"dns":-1,"send":0,"connect":-1,"wait":28,"ssl":-1,"blocked":-1},"serverIPAddress":"194.66.93.115","comment":"","time":38}[\n]"
19:33:23.875 [main] DEBUG org.apache.http.wire - http-outgoing-0 >> "{"index":{}}[\n]"
19:33:23.875 [main] DEBUG org.apache.http.wire - http-outgoing-0 >> "{"pollMetadata":{"startTime":1616873603702,"pollerlocation":null,"latitude":null,"longitude":null,"pollerId":null,"pollerDns":null,"pollerIp":null,"pollId":"7060e226-a1c1-4be6-8fae-5a155f893c51"},"request":{"queryString":"REMOVED","method":"GET","url":"https://learn.solent.ac.uk/theme/solent/pix/login.jpg","httpVersion":"HTTP/1.1","cookies":[],"headers":[{"name":"Host","value":"learn.solent.ac.uk"},{"name":"User-Agent","value":"Mozilla/5.0 (Windows NT 10.0; Win64; x64; rv:84.0) Gecko/20100101 Firefox/84.0"},{"name":"Accept","value":"image/webp,*/*"},{"name":"Accept-Language","value":"pt-PT,pt;q=0.8,en;q=0.5,en-US;q=0.3"},{"name":"Accept-Encoding","value":"gzip, deflate, br"},{"name":"Connection","value":"keep-alive"},{"name":"Referer","value":"https://learn.solent.ac.uk/theme/styles.php/solent/1614187315_1611046437/all"},{"name":"Cookie","value":"MoodleSessionlearn=d2e184589dc37844586d8fd7a736550b"}],"headersSize":450,"bodySize":0,"comment":""},"response":{"content":{"text":"REMOVED","size":107559,"mimeType":"image/jpeg","comment":""},"status":200,"statusText":"OK","httpVersion":"HTTP/1.1","cookies":[],"headers":[{"name":"Date","value":"Thu, 04 Mar 2021 13:50:52 GMT"},{"name":"Server","value":"Apache"},{"name":"Last-Modified","value":"Tue, 19 Jan 2021 08:29:57 GMT"},{"name":"ETag","value":"\"1a427-5b93ca4cd8355\""},{"name":"Accept-Ranges","value":"bytes"},{"name":"Content-Length","value":"107559"},{"name":"Content-Type","value":"image/jpeg"}],"redirectURL":"","headersSize":221,"bodySize":107559,"comment":""},"pageref":"asuse","startedDateTime":"2021-03-04T13:50:52.244Z","cache":{},"timings":{"comment":"","receive":29,"dns":-1,"send":0,"connect":-1,"wait":24,"ssl":-1,"blocked":-1},"serverIPAddress":"194.66.93.115","comment":"","time":54}[\n]"
19:33:23.875 [main] DEBUG org.apache.http.wire - http-outgoing-0 >> "{"index":{}}[\n]"
19:33:23.876 [main] DEBUG org.apache.http.wire - http-outgoing-0 >> "{"pollMetadata":{"startTime":1616873603702,"pollerlocation":null,"latitude":null,"longitude":null,"pollerId":null,"pollerDns":null,"pollerIp":null,"pollId":"7060e226-a1c1-4be6-8fae-5a155f893c51"},"request":{"queryString":"REMOVED","method":"GET","url":"https://tracking-protection.cdn.mozilla.net/except-flash-digest256/1604686195","httpVersion":"HTTP/1.1","cookies":[],"headers":[{"name":"Host","value":"tracking-protection.cdn.mozilla.net"},{"name":"User-Agent","value":"Mozilla/5.0 (Windows NT 10.0; Win64; x64; rv:84.0) Gecko/20100101 Firefox/84.0"},{"name":"Accept","value":"*/*"},{"name":"Accept-Language","value":"pt-PT,pt;q=0.8,en;q=0.5,en-US;q=0.3"},{"name":"Accept-Encoding","value":"gzip, deflate, br"},{"name":"Connection","value":"close"},{"name":"Pragma","value":"no-cache"},{"name":"Cache-Control","value":"no-cache"}],"headersSize":353,"bodySize":0,"comment":""},"response":{"content":{"text":"REMOVED","size":83,"mimeType":"application/octet-stream","comment":""},"status":200,"statusText":"OK","httpVersion":"HTTP/1.1","cookies":[],"headers":[{"name":"Content-Type","value":"application/octet-stream"},{"name":"Content-Length","value":"83"},{"name":"Connection","value":"keep-alive"},{"name":"Last-Modified","value":"Fri, 06 Nov 2020 18:10:33 GMT"},{"name":"Accept-Ranges","value":"bytes"},{"name":"Server","value":"AmazonS3"},{"name":"Date","value":"Thu, 04 Mar 2021 12:53:44 GMT"},{"name":"ETag","value":"\"6a1143d5877b6812a3bc036f6a0e0fa2\""},{"name":"X-Cache","value":"Hit from cloudfront"},{"name":"Via","value":"1.1 6c75f370e2f32e8fc940abded097e39c.cloudfront.net (CloudFront)"},{"name":"X-Amz-Cf-Pop","value":"LHR61-C2"},{"name":"X-Amz-Cf-Id","value":"XNhDcksYyH9QW34NC8ZNjy22nWmn-ahU1GFcvjRwliwtkMd-JVYDTg=="},{"name":"Age","value":"3429"}],"redirectURL":"","headersSize":477,"bodySize":83,"comment":""},"pageref":"asuse","startedDateTime":"2021-03-04T13:50:52.245Z","cache":{},"timings":{"comment":"","receive":15,"dns":0,"send":0,"connect":69,"wait":23,"ssl":48,"blocked":0},"serverIPAddress":"13.224.227.37","comment":"","time":109}[\n]"
19:33:23.876 [main] DEBUG org.apache.http.wire - http-outgoing-0 >> "{"index":{}}[\n]"
19:33:23.876 [main] DEBUG org.apache.http.wire - http-outgoing-0 >> "{"pollMetadata":{"startTime":1616873603702,"pollerlocation":null,"latitude":null,"longitude":null,"pollerId":null,"pollerDns":null,"pollerIp":null,"pollId":"7060e226-a1c1-4be6-8fae-5a155f893c51"},"request":{"queryString":"REMOVED","method":"GET","url":"https://ka-f.fontawesome.com/releases/v5.15.2/css/free-v4-font-face.min.css?token=0c15e368e7","httpVersion":"HTTP/1.1","cookies":[],"headers":[{"name":"Host","value":"ka-f.fontawesome.com"},{"name":"User-Agent","value":"Mozilla/5.0 (Windows NT 10.0; Win64; x64; rv:84.0) Gecko/20100101 Firefox/84.0"},{"name":"Accept","value":"*/*"},{"name":"Accept-Language","value":"pt-PT,pt;q=0.8,en;q=0.5,en-US;q=0.3"},{"name":"Accept-Encoding","value":"gzip, deflate, br"},{"name":"Referer","value":"https://learn.solent.ac.uk/"},{"name":"Origin","value":"https://learn.solent.ac.uk"},{"name":"Connection","value":"keep-alive"}],"headersSize":404,"bodySize":0,"comment":""},"response":{"content":{"text":"REMOVED","size":734,"mimeType":"text/css","comment":""},"status":200,"statusText":"OK","httpVersion":"HTTP/1.1","cookies":[],"headers":[{"name":"Date","value":"Thu, 04 Mar 2021 13:50:52 GMT"},{"name":"Content-Type","value":"text/css"},{"name":"Transfer-Encoding","value":"chunked"},{"name":"Connection","value":"keep-alive"},{"name":"Set-Cookie","value":"__cfduid=d138cc709a23bb6fbb54787b7515e784d1614865852; expires=Sat, 03-Apr-21 13:50:52 GMT; path=/; domain=.ka-f.fontawesome.com; HttpOnly; SameSite=Lax"},{"name":"Access-Control-Allow-Origin","value":"*"},{"name":"Access-Control-Allow-Methods","value":"GET"},{"name":"Access-Control-Max-Age","value":"3000"},{"name":"Last-Modified","value":"Wed, 13 Jan 2021 18:32:16 GMT"},{"name":"ETag","value":"W/\"252773908df2cc3deb0e09dc1817e64b\""},{"name":"Cache-Control","value":"max-age=31556926"},{"name":"Access-Control-Allow-Headers","value":"fa-kit-token"},{"name":"Vary","value":"Accept-Encoding"},{"name":"X-Cache","value":"Hit from cloudfront"},{"name":"Via","value":"1.1 93cfeed105500c4613cee2ee99f5f9a7.cloudfront.net (CloudFront)"},{"name":"X-Amz-Cf-Pop","value":"LHR52-C1"},{"name":"X-Amz-Cf-Id","value":"YN8QV1lp5sggweBn846OVyFGfE66z4rLzq3nXFRKORl29xmK6ErBQQ=="},{"name":"Age","value":"4131447"},{"name":"CF-Cache-Status","value":"HIT"},{"name":"cf-request-id","value":"089f1a7ece00002d280398e000000001"},{"name":"Expect-CT","value":"max-age=604800, report-uri=\"https://report-uri.cloudflare.com/cdn-cgi/beacon/expect-ct\""},{"name":"Report-To","value":"{\"group\":\"cf-nel\",\"endpoints\":[{\"url\":\"https:\\/\\/a.nel.cloudflare.com\\/report?s=LpRc%2FPc7YNykQuXK%2B7yaQvLxshF8gd6JWFCGhC6G1YIDKnGVnsiSnlTeyeOuuqpmtM9FYdKMcEe21TwTMpDHPZBG7vJO3643pj8HRcBWQeLIsJ%2B6fA%3D%3D\"}],\"max_age\":604800}"},{"name":"NEL","value":"{\"max_age\":604800,\"report_to\":\"cf-nel\"}"},{"name":"Server","value":"cloudflare"},{"name":"CF-RAY","value":"62ab9377acd32d28-LHR"},{"name":"Content-Encoding","value":"br"}],"redirectURL":"","headersSize":1325,"bodySize":734,"comment":""},"pageref":"asuse","startedDateTime":"2021-03-04T13:50:52.264Z","cache":{},"timings":{"comment":"","receive":28,"dns":11,"send":0,"connect":154,"wait":34,"ssl":133,"blocked":0},"serverIPAddress":"172.64.203.28","comment":"","time":230}[\n]"
19:33:23.877 [main] DEBUG org.apache.http.wire - http-outgoing-0 >> "{"index":{}}[\n]"
19:33:23.877 [main] DEBUG org.apache.http.wire - http-outgoing-0 >> "{"pollMetadata":{"startTime":1616873603702,"pollerlocation":null,"latitude":null,"longitude":null,"pollerId":null,"pollerDns":null,"pollerIp":null,"pollId":"7060e226-a1c1-4be6-8fae-5a155f893c51"},"request":{"queryString":"REMOVED","method":"GET","url":"https://ka-f.fontawesome.com/releases/v5.15.2/css/free.min.css?token=0c15e368e7","httpVersion":"HTTP/1.1","cookies":[],"headers":[{"name":"Host","value":"ka-f.fontawesome.com"},{"name":"User-Agent","value":"Mozilla/5.0 (Windows NT 10.0; Win64; x64; rv:84.0) Gecko/20100101 Firefox/84.0"},{"name":"Accept","value":"*/*"},{"name":"Accept-Language","value":"pt-PT,pt;q=0.8,en;q=0.5,en-US;q=0.3"},{"name":"Accept-Encoding","value":"gzip, deflate, br"},{"name":"Referer","value":"https://learn.solent.ac.uk/"},{"name":"Origin","value":"https://learn.solent.ac.uk"},{"name":"Connection","value":"keep-alive"}],"headersSize":391,"bodySize":0,"comment":""},"response":{"content":{"text":"REMOVED","size":12398,"mimeType":"text/css","comment":""},"status":200,"statusText":"OK","httpVersion":"HTTP/1.1","cookies":[],"headers":[{"name":"Date","value":"Thu, 04 Mar 2021 13:50:52 GMT"},{"name":"Content-Type","value":"text/css"},{"name":"Transfer-Encoding","value":"chunked"},{"name":"Connection","value":"keep-alive"},{"name":"Set-Cookie","value":"__cfduid=d77ab642f7c77ee6e36e93359440b303e1614865852; expires=Sat, 03-Apr-21 13:50:52 GMT; path=/; domain=.ka-f.fontawesome.com; HttpOnly; SameSite=Lax"},{"name":"Access-Control-Allow-Origin","value":"*"},{"name":"Access-Control-Allow-Methods","value":"GET"},{"name":"Access-Control-Max-Age","value":"3000"},{"name":"Last-Modified","value":"Wed, 13 Jan 2021 18:32:18 GMT"},{"name":"ETag","value":"W/\"4ecc071b77d6b1790fa9fb8a5173f972\""},{"name":"Cache-Control","value":"max-age=31556926"},{"name":"Access-Control-Allow-Headers","value":"fa-kit-token"},{"name":"Vary","value":"Accept-Encoding"},{"name":"X-Cache","value":"Hit from cloudfront"},{"name":"Via","value":"1.1 f2f35cfbe251bd412f460c97cca8770c.cloudfront.net (CloudFront)"},{"name":"X-Amz-Cf-Pop","value":"LHR62-C3"},{"name":"X-Amz-Cf-Id","value":"OzXufFkac1mtYCibUbiQKloDBlUn7N7v00ZvnaxqcC9EyNLZInfd4g=="},{"name":"Age","value":"4131447"},{"name":"CF-Cache-Status","value":"HIT"},{"name":"cf-request-id","value":"089f1a7ed80000e688c0309000000001"},{"name":"Expect-CT","value":"max-age=604800, report-uri=\"https://report-uri.cloudflare.com/cdn-cgi/beacon/expect-ct\""},{"name":"Report-To","value":"{\"group\":\"cf-nel\",\"endpoints\":[{\"url\":\"https:\\/\\/a.nel.cloudflare.com\\/report?s=d7SC3A7wnu2zHrdBipo9Z%2BWhCx6sSy3WwcfrXdFR0oV%2FMZ3YO5PpeUL8hw%2Fk4DxB%2BwKs7R4pCx5ASu1EZJEntzm3TkqHjoJTLF6x2A9zQjxSTW93iQ%3D%3D\"}],\"max_age\":604800}"},{"name":"NEL","value":"{\"report_to\":\"cf-nel\",\"max_age\":604800}"},{"name":"Server","value":"cloudflare"},{"name":"CF-RAY","value":"62ab9377bfade688-LHR"},{"name":"Content-Encoding","value":"br"}],"redirectURL":"","headersSize":1327,"bodySize":12398,"comment":""},"pageref":"asuse","startedDateTime":"2021-03-04T13:50:52.267Z","cache":{},"timings":{"comment":"","receive":49,"dns":14,"send":2,"connect":156,"wait":28,"ssl":140,"blocked":0},"serverIPAddress":"172.64.203.28","comment":"","time":250}[\n]"
19:33:23.877 [main] DEBUG org.apache.http.wire - http-outgoing-0 >> "{"index":{}}[\n]"
19:33:23.878 [main] DEBUG org.apache.http.wire - http-outgoing-0 >> "{"pollMetadata":{"startTime":1616873603702,"pollerlocation":null,"latitude":null,"longitude":null,"pollerId":null,"pollerDns":null,"pollerIp":null,"pollId":"7060e226-a1c1-4be6-8fae-5a155f893c51"},"request":{"queryString":"REMOVED","method":"GET","url":"https://ka-f.fontawesome.com/releases/v5.15.2/css/free-v4-shims.min.css?token=0c15e368e7","httpVersion":"HTTP/1.1","cookies":[],"headers":[{"name":"Host","value":"ka-f.fontawesome.com"},{"name":"User-Agent","value":"Mozilla/5.0 (Windows NT 10.0; Win64; x64; rv:84.0) Gecko/20100101 Firefox/84.0"},{"name":"Accept","value":"*/*"},{"name":"Accept-Language","value":"pt-PT,pt;q=0.8,en;q=0.5,en-US;q=0.3"},{"name":"Accept-Encoding","value":"gzip, deflate, br"},{"name":"Referer","value":"https://learn.solent.ac.uk/"},{"name":"Origin","value":"https://learn.solent.ac.uk"},{"name":"Connection","value":"keep-alive"}],"headersSize":400,"bodySize":0,"comment":""},"response":{"content":{"text":"REMOVED","size":3957,"mimeType":"text/css","comment":""},"status":200,"statusText":"OK","httpVersion":"HTTP/1.1","cookies":[],"headers":[{"name":"Date","value":"Thu, 04 Mar 2021 13:50:52 GMT"},{"name":"Content-Type","value":"text/css"},{"name":"Transfer-Encoding","value":"chunked"},{"name":"Connection","value":"keep-alive"},{"name":"Set-Cookie","value":"__cfduid=d84c8ee5f07f3603db0f2c637d663dd681614865852; expires=Sat, 03-Apr-21 13:50:52 GMT; path=/; domain=.ka-f.fontawesome.com; HttpOnly; SameSite=Lax"},{"name":"Access-Control-Allow-Origin","value":"*"},{"name":"Access-Control-Allow-Methods","value":"GET"},{"name":"Access-Control-Max-Age","value":"3000"},{"name":"Last-Modified","value":"Wed, 13 Jan 2021 18:32:17 GMT"},{"name":"ETag","value":"W/\"1848e71668f42835079e5fa2af6cf4a8\""},{"name":"Cache-Control","value":"max-age=31556926"},{"name":"Access-Control-Allow-Headers","value":"fa-kit-token"},{"name":"Vary","value":"Accept-Encoding"},{"name":"X-Cache","value":"Hit from cloudfront"},{"name":"Via","value":"1.1 59f36941a67a8e6b953ddc861721052b.cloudfront.net (CloudFront)"},{"name":"X-Amz-Cf-Pop","value":"LHR52-C1"},{"name":"X-Amz-Cf-Id","value":"MBwr-_Gtz7WTPmGqN66FbfmobrgLH1C5Cv2padk40m9a6P002gUMhw=="},{"name":"Age","value":"543011"},{"name":"CF-Cache-Status","value":"HIT"},{"name":"cf-request-id","value":"089f1a7edd0000063d23b12000000001"},{"name":"Expect-CT","value":"max-age=604800, report-uri=\"https://report-uri.cloudflare.com/cdn-cgi/beacon/expect-ct\""},{"name":"Report-To","value":"{\"endpoints\":[{\"url\":\"https:\\/\\/a.nel.cloudflare.com\\/report?s=3CjF0PiSBU%2BLa8YABF8h7ZfzdrtwtADd%2BkVqA6ZQ7GUCQHNALnVmWN%2BFRsGfv02uJQBaQ5Hq4VBSAl6MNR35NbcO%2BX7CNcO0zkw9T4g6wPpeODB97w%3D%3D\"}],\"group\":\"cf-nel\",\"max_age\":604800}"},{"name":"NEL","value":"{\"report_to\":\"cf-nel\",\"max_age\":604800}"},{"name":"Server","value":"cloudflare"},{"name":"CF-RAY","value":"62ab9377cb23063d-LHR"},{"name":"Content-Encoding","value":"br"}],"redirectURL":"","headersSize":1326,"bodySize":3957,"comment":""},"pageref":"asuse","startedDateTime":"2021-03-04T13:50:52.278Z","cache":{},"timings":{"comment":"","receive":28,"dns":13,"send":4,"connect":157,"wait":30,"ssl":135,"blocked":0},"serverIPAddress":"172.64.203.28","comment":"","time":234}[\n]"
19:33:23.878 [main] DEBUG org.apache.http.wire - http-outgoing-0 >> "{"index":{}}[\n]"
[...]
19:33:23.880 [main] DEBUG org.apache.http.wire - http-outgoing-0 >> "{"pollMetadata":{"startTime":1616873603702,"pollerlocation":null,"latitude":null,"longitude":null,"pollerId":null,"pollerDns":null,"pollerIp":null,"pollId":"7060e226-a1c1-4be6-8fae-5a155f893c51"},"request":{"queryString":"REMOVED","method":"GET","url":"https://learn.solent.ac.uk/theme/solent/pix/twitter.svg","httpVersion":"HTTP/1.1","cookies":[],"headers":[{"name":"Host","value":"learn.solent.ac.uk"},{"name":"User-Agent","value":"Mozilla/5.0 (Windows NT 10.0; Win64; x64; rv:84.0) Gecko/20100101 Firefox/84.0"},{"name":"Accept","value":"image/webp,*/*"},{"name":"Accept-Language","value":"pt-PT,pt;q=0.8,en;q=0.5,en-US;q=0.3"},{"name":"Accept-Encoding","value":"gzip, deflate, br"},{"name":"Connection","value":"keep-alive"},{"name":"Referer","value":"https://learn.solent.ac.uk/theme/styles.php/solent/1614187315_1611046437/all"},{"name":"Cookie","value":"MoodleSessionlearn=d2e184589dc37844586d8fd7a736550b"}],"headersSize":452,"bodySize":0,"comment":""},"response":{"content":{"text":"REMOVED","size":1118,"mimeType":"image/svg+xml","comment":""},"status":200,"statusText":"OK","httpVersion":"HTTP/1.1","cookies":[],"headers":[{"name":"Date","value":"Thu, 04 Mar 2021 13:50:52 GMT"},{"name":"Server","value":"Apache"},{"name":"Last-Modified","value":"Tue, 19 Jan 2021 08:29:57 GMT"},{"name":"ETag","value":"\"45e-5b93ca4d05215\""},{"name":"Accept-Ranges","value":"bytes"},{"name":"Content-Length","value":"1118"},{"name":"Content-Type","value":"image/svg+xml"}],"redirectURL":"","headersSize":220,"bodySize":1118,"comment":""},"pageref":"asuse","startedDateTime":"2021-03-04T13:50:52.416Z","cache":{},"timings":{"comment":"","receive":2,"dns":-1,"send":1,"connect":-1,"wait":20,"ssl":-1,"blocked":-1},"serverIPAddress":"194.66.93.115","comment":"","time":23}[\n]"
19:33:23.880 [main] DEBUG org.apache.http.wire - http-outgoing-0 >> "{"index":{}}[\n]"
19:33:23.880 [main] DEBUG org.apache.http.wire - http-outgoing-0 >> "{"pollMetadata":{"startTime":1616873603702,"pollerlocation":null,"latitude":null,"longitude":null,"pollerId":null,"pollerDns":null,"pollerIp":null,"pollId":"7060e226-a1c1-4be6-8fae-5a155f893c51"},"request":{"queryString":"REMOVED","method":"GET","url":"https://learn.solent.ac.uk/theme/solent/pix/facebook.svg","httpVersion":"HTTP/1.1","cookies":[],"headers":[{"name":"Host","value":"learn.solent.ac.uk"},{"name":"User-Agent","value":"Mozilla/5.0 (Windows NT 10.0; Win64; x64; rv:84.0) Gecko/20100101 Firefox/84.0"},{"name":"Accept","value":"image/webp,*/*"},{"name":"Accept-Language","value":"pt-PT,pt;q=0.8,en;q=0.5,en-US;q=0.3"},{"name":"Accept-Encoding","value":"gzip, deflate, br"},{"name":"Connection","value":"keep-alive"},{"name":"Referer","value":"https://learn.solent.ac.uk/theme/styles.php/solent/1614187315_1611046437/all"},{"name":"Cookie","value":"MoodleSessionlearn=d2e184589dc37844586d8fd7a736550b"}],"headersSize":453,"bodySize":0,"comment":""},"response":{"content":{"text":"REMOVED","size":422,"mimeType":"image/svg+xml","comment":""},"status":200,"statusText":"OK","httpVersion":"HTTP/1.1","cookies":[],"headers":[{"name":"Date","value":"Thu, 04 Mar 2021 13:50:52 GMT"},{"name":"Server","value":"Apache"},{"name":"Last-Modified","value":"Tue, 19 Jan 2021 08:29:57 GMT"},{"name":"ETag","value":"\"1a6-5b93ca4ccf6b5\""},{"name":"Accept-Ranges","value":"bytes"},{"name":"Content-Length","value":"422"},{"name":"Content-Type","value":"image/svg+xml"}],"redirectURL":"","headersSize":219,"bodySize":422,"comment":""},"pageref":"asuse","startedDateTime":"2021-03-04T13:50:52.416Z","cache":{},"timings":{"comment":"","receive":0,"dns":-1,"send":4,"connect":-1,"wait":16,"ssl":-1,"blocked":-1},"serverIPAddress":"194.66.93.115","comment":"","time":21}[\n]"
19:33:23.880 [main] DEBUG org.apache.http.wire - http-outgoing-0 >> "{"index":{}}[\n]"
19:33:23.880 [main] DEBUG org.apache.http.wire - http-outgoing-0 >> "{"pollMetadata":{"startTime":1616873603702,"pollerlocation":null,"latitude":null,"longitude":null,"pollerId":null,"pollerDns":null,"pollerIp":null,"pollId":"7060e226-a1c1-4be6-8fae-5a155f893c51"},"request":{"queryString":"REMOVED","method":"GET","url":"https://learn.solent.ac.uk/theme/solent/pix/youtube.svg","httpVersion":"HTTP/1.1","cookies":[],"headers":[{"name":"Host","value":"learn.solent.ac.uk"},{"name":"User-Agent","value":"Mozilla/5.0 (Windows NT 10.0; Win64; x64; rv:84.0) Gecko/20100101 Firefox/84.0"},{"name":"Accept","value":"image/webp,*/*"},{"name":"Accept-Language","value":"pt-PT,pt;q=0.8,en;q=0.5,en-US;q=0.3"},{"name":"Accept-Encoding","value":"gzip, deflate, br"},{"name":"Connection","value":"keep-alive"},{"name":"Referer","value":"https://learn.solent.ac.uk/theme/styles.php/solent/1614187315_1611046437/all"},{"name":"Cookie","value":"MoodleSessionlearn=d2e184589dc37844586d8fd7a736550b"}],"headersSize":452,"bodySize":0,"comment":""},"response":{"content":{"text":"REMOVED","size":676,"mimeType":"image/svg+xml","comment":""},"status":200,"statusText":"OK","httpVersion":"HTTP/1.1","cookies":[],"headers":[{"name":"Date","value":"Thu, 04 Mar 2021 13:50:52 GMT"},{"name":"Server","value":"Apache"},{"name":"Last-Modified","value":"Tue, 19 Jan 2021 08:29:57 GMT"},{"name":"ETag","value":"\"2a4-5b93ca4d14c15\""},{"name":"Accept-Ranges","value":"bytes"},{"name":"Content-Length","value":"676"},{"name":"Content-Type","value":"image/svg+xml"}],"redirectURL":"","headersSize":219,"bodySize":676,"comment":""},"pageref":"asuse","startedDateTime":"2021-03-04T13:50:52.416Z","cache":{},"timings":{"comment":"","receive":2,"dns":-1,"send":2,"connect":-1,"wait":20,"ssl":-1,"blocked":-1},"serverIPAddress":"194.66.93.115","comment":"","time":25}[\n]"
19:33:23.885 [main] DEBUG org.apache.http.wire - http-outgoing-0 >> "{"index":{}}[\n]"
19:33:23.885 [main] DEBUG org.apache.http.wire - http-outgoing-0 >> "{"pollMetadata":{"startTime":1616873603702,"pollerlocation":null,"latitude":null,"longitude":null,"pollerId":null,"pollerDns":null,"pollerIp":null,"pollId":"7060e226-a1c1-4be6-8fae-5a155f893c51"},"request":{"queryString":"REMOVED","method":"GET","url":"https://learn.solent.ac.uk/theme/solent/pix/linkedin.svg","httpVersion":"HTTP/1.1","cookies":[],"headers":[{"name":"Host","value":"learn.solent.ac.uk"},{"name":"User-Agent","value":"Mozilla/5.0 (Windows NT 10.0; Win64; x64; rv:84.0) Gecko/20100101 Firefox/84.0"},{"name":"Accept","value":"image/webp,*/*"},{"name":"Accept-Language","value":"pt-PT,pt;q=0.8,en;q=0.5,en-US;q=0.3"},{"name":"Accept-Encoding","value":"gzip, deflate, br"},{"name":"Connection","value":"keep-alive"},{"name":"Referer","value":"https://learn.solent.ac.uk/theme/styles.php/solent/1614187315_1611046437/all"},{"name":"Cookie","value":"MoodleSessionlearn=d2e184589dc37844586d8fd7a736550b"}],"headersSize":453,"bodySize":0,"comment":""},"response":{"content":{"text":"REMOVED","size":616,"mimeType":"image/svg+xml","comment":""},"status":200,"statusText":"OK","httpVersion":"HTTP/1.1","cookies":[],"headers":[{"name":"Date","value":"Thu, 04 Mar 2021 13:50:52 GMT"},{"name":"Server","value":"Apache"},{"name":"Last-Modified","value":"Tue, 19 Jan 2021 08:29:57 GMT"},{"name":"ETag","value":"\"268-5b93ca4cd44d5\""},{"name":"Accept-Ranges","value":"bytes"},{"name":"Content-Length","value":"616"},{"name":"Content-Type","value":"image/svg+xml"}],"redirectURL":"","headersSize":219,"bodySize":616,"comment":""},"pageref":"asuse","startedDateTime":"2021-03-04T13:50:52.417Z","cache":{},"timings":{"comment":"","receive":4,"dns":-1,"send":1,"connect":-1,"wait":23,"ssl":-1,"blocked":-1},"serverIPAddress":"194.66.93.115","comment":"","time":29}[\n]"
19:33:23.885 [main] DEBUG org.apache.http.wire - http-outgoing-0 >> "{"index":{}}[\n]"
19:33:23.885 [main] DEBUG org.apache.http.wire - http-outgoing-0 >> "{"pollMetadata":{"startTime":1616873603702,"pollerlocation":null,"latitude":null,"longitude":null,"pollerId":null,"pollerDns":null,"pollerIp":null,"pollId":"7060e226-a1c1-4be6-8fae-5a155f893c51"},"request":{"queryString":"REMOVED","method":"GET","url":"https://ka-f.fontawesome.com/releases/v5.15.2/webfonts/free-fa-solid-900.woff2","httpVersion":"HTTP/1.1","cookies":[],"headers":[{"name":"Host","value":"ka-f.fontawesome.com"},{"name":"User-Agent","value":"Mozilla/5.0 (Windows NT 10.0; Win64; x64; rv:84.0) Gecko/20100101 Firefox/84.0"},{"name":"Accept","value":"application/font-woff2;q=1.0,application/font-woff;q=0.9,*/*;q=0.8"},{"name":"Accept-Language","value":"pt-PT,pt;q=0.8,en;q=0.5,en-US;q=0.3"},{"name":"Accept-Encoding","value":"identity"},{"name":"Origin","value":"https://learn.solent.ac.uk"},{"name":"Connection","value":"keep-alive"},{"name":"Referer","value":"https://learn.solent.ac.uk/"}],"headersSize":444,"bodySize":0,"comment":""},"response":{"content":{"text":"REMOVED","size":80272,"mimeType":"font/woff2","comment":""},"status":200,"statusText":"OK","httpVersion":"HTTP/1.1","cookies":[],"headers":[{"name":"Date","value":"Thu, 04 Mar 2021 13:50:52 GMT"},{"name":"Content-Type","value":"font/woff2"},{"name":"Content-Length","value":"80272"},{"name":"Connection","value":"keep-alive"},{"name":"Set-Cookie","value":"__cfduid=d77ab642f7c77ee6e36e93359440b303e1614865852; expires=Sat, 03-Apr-21 13:50:52 GMT; path=/; domain=.ka-f.fontawesome.com; HttpOnly; SameSite=Lax"},{"name":"Access-Control-Allow-Origin","value":"*"},{"name":"Access-Control-Allow-Methods","value":"GET"},{"name":"Access-Control-Max-Age","value":"3000"},{"name":"Last-Modified","value":"Wed, 13 Jan 2021 18:39:13 GMT"},{"name":"ETag","value":"\"a156119daf157b8244f7c816f85638cc\""},{"name":"Cache-Control","value":"max-age=31556926"},{"name":"Access-Control-Allow-Headers","value":"fa-kit-token"},{"name":"X-Cache","value":"Hit from cloudfront"},{"name":"Via","value":"1.1 ae21cfbf423c1da4538713aa1f4425aa.cloudfront.net (CloudFront)"},{"name":"X-Amz-Cf-Pop","value":"DUB2-C1"},{"name":"X-Amz-Cf-Id","value":"1rGbnU3rN8hHOdjpf1R4uv5cx_-Iz68ZG516yvYjyiwOSgWIRur1rA=="},{"name":"Age","value":"3256301"},{"name":"CF-Cache-Status","value":"HIT"},{"name":"Accept-Ranges","value":"bytes"},{"name":"cf-request-id","value":"089f1a7f6f0000e6885b92a000000001"},{"name":"Expect-CT","value":"max-age=604800, report-uri=\"https://report-uri.cloudflare.com/cdn-cgi/beacon/expect-ct\""},{"name":"Report-To","value":"{\"group\":\"cf-nel\",\"endpoints\":[{\"url\":\"https:\\/\\/a.nel.cloudflare.com\\/report?s=mlZKOvgsHSzqjb5tZ%2BivGTGqnk9DuXQTpH0qawv%2Bp6Ka7%2Byc1w6FO%2FqPe9sL7fLwUJ88DwZ203vaOHbeWebdw6OLYnMUUM1CDFEY%2FH4PxjNIwESdwg%3D%3D\"}],\"max_age\":604800}"},{"name":"NEL","value":"{\"report_to\":\"cf-nel\",\"max_age\":604800}"},{"name":"Vary","value":"Accept-Encoding"},{"name":"Server","value":"cloudflare"},{"name":"CF-RAY","value":"62ab9378b9d7e688-LHR"}],"redirectURL":"","headersSize":1323,"bodySize":80272,"comment":""},"pageref":"asuse","startedDateTime":"2021-03-04T13:50:52.423Z","cache":{},"timings":{"comment":"","receive":98,"dns":-1,"send":1,"connect":-1,"wait":64,"ssl":-1,"blocked":-1},"serverIPAddress":"172.64.203.28","comment":"","time":165}[\n]"
19:33:23.886 [main] DEBUG org.apache.http.wire - http-outgoing-0 >> "{"index":{}}[\n]"
19:33:23.886 [main] DEBUG org.apache.http.wire - http-outgoing-0 >> "{"pollMetadata":{"startTime":1616873603702,"pollerlocation":null,"latitude":null,"longitude":null,"pollerId":null,"pollerDns":null,"pollerIp":null,"pollId":"7060e226-a1c1-4be6-8fae-5a155f893c51"},"request":{"queryString":"REMOVED","method":"GET","url":"https://netdna.bootstrapcdn.com/font-awesome/3.2.1/font/fontawesome-webfont.woff?v=3.2.1","httpVersion":"HTTP/1.1","cookies":[],"headers":[{"name":"Host","value":"netdna.bootstrapcdn.com"},{"name":"User-Agent","value":"Mozilla/5.0 (Windows NT 10.0; Win64; x64; rv:84.0) Gecko/20100101 Firefox/84.0"},{"name":"Accept","value":"application/font-woff2;q=1.0,application/font-woff;q=0.9,*/*;q=0.8"},{"name":"Accept-Language","value":"pt-PT,pt;q=0.8,en;q=0.5,en-US;q=0.3"},{"name":"Accept-Encoding","value":"identity"},{"name":"Origin","value":"https://learn.solent.ac.uk"},{"name":"Connection","value":"keep-alive"},{"name":"Referer","value":"https://netdna.bootstrapcdn.com/font-awesome/3.2.1/css/font-awesome.min.css"}],"headersSize":502,"bodySize":0,"comment":""},"response":{"content":{"text":"REMOVED","size":43572,"mimeType":"font/woff","comment":""},"status":200,"statusText":"OK","httpVersion":"HTTP/1.1","cookies":[],"headers":[{"name":"Date","value":"Thu, 04 Mar 2021 13:50:52 GMT"},{"name":"Content-Type","value":"font/woff"},{"name":"Content-Length","value":"43572"},{"name":"Connection","value":"keep-alive"},{"name":"Set-Cookie","value":"__cfduid=df5087f8143dcf3e97aa0ee3c7475546a1614865852; expires=Sat, 03-Apr-21 13:50:52 GMT; path=/; domain=.bootstrapcdn.com; HttpOnly; SameSite=Lax"},{"name":"CDN-PullZone","value":"252412"},{"name":"CDN-Uid","value":"b1941f61-b576-4f40-80de-5677acb38f74"},{"name":"CDN-RequestCountryCode","value":"GB"},{"name":"CDN-EdgeStorageId","value":"723"},{"name":"CDN-EdgeStorageId","value":"617"},{"name":"CDN-EdgeStorageId","value":"617"},{"name":"Last-Modified","value":"Mon, 25 Jan 2021 22:04:51 GMT"},{"name":"CDN-CachedAt","value":"2021-03-04 14:40:17"},{"name":"CDN-RequestPullSuccess","value":"True"},{"name":"CDN-RequestPullCode","value":"200"},{"name":"Cache-Control","value":"public, max-age=31919000"},{"name":"timing-allow-origin","value":"*"},{"name":"cross-origin-resource-policy","value":"cross-origin"},{"name":"access-control-allow-origin","value":"*"},{"name":"CDN-RequestId","value":"44b94dfbaa6792fcf52737afb97a0c7e"},{"name":"CDN-Cache","value":"HIT"},{"name":"CF-Cache-Status","value":"HIT"},{"name":"Age","value":"631"},{"name":"Accept-Ranges","value":"bytes"},{"name":"cf-request-id","value":"089f1a7fa90000409b0ebd5000000001"},{"name":"Expect-CT","value":"max-age=604800, report-uri=\"https://report-uri.cloudflare.com/cdn-cgi/beacon/expect-ct\""},{"name":"Vary","value":"Accept-Encoding"},{"name":"Server","value":"cloudflare"},{"name":"CF-RAY","value":"62ab93790ba5409b-LHR"},{"name":"alt-svc","value":"h3-27=\":443\"; ma=86400, h3-28=\":443\"; ma=86400, h3-29=\":443\"; ma=86400"}],"redirectURL":"","headersSize":1160,"bodySize":43572,"comment":""},"pageref":"asuse","startedDateTime":"2021-03-04T13:50:52.483Z","cache":{},"timings":{"comment":"","receive":94,"dns":0,"send":0,"connect":51,"wait":28,"ssl":32,"blocked":0},"serverIPAddress":"104.18.11.207","comment":"","time":174}[\n]"
19:33:23.886 [main] DEBUG org.apache.http.wire - http-outgoing-0 >> "{"index":{}}[\n]"
19:33:23.886 [main] DEBUG org.apache.http.wire - http-outgoing-0 >> "{"pollMetadata":{"startTime":1616873603702,"pollerlocation":null,"latitude":null,"longitude":null,"pollerId":null,"pollerDns":null,"pollerIp":null,"pollId":"7060e226-a1c1-4be6-8fae-5a155f893c51"},"request":{"queryString":"REMOVED","method":"GET","url":"https://tracking-protection.cdn.mozilla.net/except-flashsubdoc-digest256/1517935265","httpVersion":"HTTP/1.1","cookies":[],"headers":[{"name":"Host","value":"tracking-protection.cdn.mozilla.net"},{"name":"User-Agent","value":"Mozilla/5.0 (Windows NT 10.0; Win64; x64; rv:84.0) Gecko/20100101 Firefox/84.0"},{"name":"Accept","value":"*/*"},{"name":"Accept-Language","value":"pt-PT,pt;q=0.8,en;q=0.5,en-US;q=0.3"},{"name":"Accept-Encoding","value":"gzip, deflate, br"},{"name":"Connection","value":"close"},{"name":"Pragma","value":"no-cache"},{"name":"Cache-Control","value":"no-cache"}],"headersSize":359,"bodySize":0,"comment":""},"response":{"content":{"text":"REMOVED","size":115,"mimeType":"application/octet-stream","comment":""},"status":200,"statusText":"OK","httpVersion":"HTTP/1.1","cookies":[],"headers":[{"name":"Content-Type","value":"application/octet-stream"},{"name":"Content-Length","value":"115"},{"name":"Connection","value":"keep-alive"},{"name":"Last-Modified","value":"Tue, 06 Feb 2018 16:41:26 GMT"},{"name":"Accept-Ranges","value":"bytes"},{"name":"Server","value":"AmazonS3"},{"name":"Date","value":"Thu, 04 Mar 2021 03:08:28 GMT"},{"name":"ETag","value":"\"3f7b5496e6dd07355c07ef16ca5fd516\""},{"name":"X-Cache","value":"Hit from cloudfront"},{"name":"Via","value":"1.1 b36be15970c5843fdffdeac4b63f2ad9.cloudfront.net (CloudFront)"},{"name":"X-Amz-Cf-Pop","value":"LHR61-C2"},{"name":"X-Amz-Cf-Id","value":"q_CYGWS-s55dfZEjgyh6nWa1OPsKgS-j_Wa4VG7U4WGH0VLgsLX07A=="},{"name":"Age","value":"38545"}],"redirectURL":"","headersSize":479,"bodySize":115,"comment":""},"pageref":"asuse","startedDateTime":"2021-03-04T13:50:52.541Z","cache":{},"timings":{"comment":"","receive":10,"dns":0,"send":4,"connect":79,"wait":10,"ssl":60,"blocked":0},"serverIPAddress":"13.224.227.37","comment":"","time":104}[\n]"
19:33:23.898 [main] DEBUG org.apache.http.wire - http-outgoing-0 << "HTTP/1.1 200 OK[\r][\n]"
19:33:23.898 [main] DEBUG org.apache.http.wire - http-outgoing-0 << "content-type: application/json; charset=UTF-8[\r][\n]"
19:33:23.898 [main] DEBUG org.apache.http.wire - http-outgoing-0 << "content-encoding: gzip[\r][\n]"
19:33:23.898 [main] DEBUG org.apache.http.wire - http-outgoing-0 << "content-length: 417[\r][\n]"
19:33:23.899 [main] DEBUG org.apache.http.wire - http-outgoing-0 << "[\r][\n]"
19:33:23.899 [main] DEBUG org.apache.http.wire - http-outgoing-0 << "[0x1f][0x8b][0x8][0x0][0x0][0x0][0x0][0x0][0x0][0x0][0xec][0xd4]KK[0xc3]@[0x14][0x86][0xe1][0xbf]2[0xcc]:H[0x15]E[0xc9]N[0x97][0xad][0xb7]ZE[0xb1][0x94]0[0xcd][0x9c][0xa6][0xd1]6[0x93]NN[0xa4][0xb5][0xe4][0xbf];[0xd5]v[0xe][0xae][0xdd][0xc9][0xb7][0xc9]e29[0x81][0x87][0xf0]n5;[0xf7][0xae][0xd3][0xe3]D[0x93][0xf7][0xce]7:e[0xdf]R[0xa2]K[0xa6]e[0xb8][0x19]ouYYZ[0xeb]t[0xab][0xb3][0xfd][0x95]v[0xd5][0xb2][0x99][0x1b]o[\r][0x1b][0x9d][0xe8][0x8c]75[0xe9][0xf4][0xb0][0xfa]}[0x17]VK[0x1b][0xd6][0xfa]g9[0xdb][0x97][0xe2]j[0xf5]|9?_[0xbb][0x8b][0xe1]gq[0x12][0x1e]6l[0xb8][\r][0xd3]O{[0xbd][0xfd]ww[0xf3][0xf7]s[0x96][0xa6][0xae][0xc9]g[0xb5][0xf1]MY[0x15][0x19][0xad]s[0xaa][0xb9]tUx[0xcf][0x93]i[0xc2]E[0xf8][0xd6][0xf4][0x8d]rV[0xbb][0xad]a[0x8f][0x9a]9[0xaf][0xc6][0x9e]V-5|[0x14][0x8e]~3b[0x1f][0x1e]LT8[0x91]U[0xec][0xd4]n[0x1c][0xa9]YI[0xb][0xab][0xc6][0xbf][0xb6][0x98]F[0xfd][0x8c]K[0xd4][0xb4][0xe5]0[0xab][0xad][0xac]2*wU[0xee][0x89]I}[0x98]EK[0xba][0xeb][0xba][0xe4]o[0x16][0x83]>,[0xe][0xff][0xc5][0xe0][0x15][0x16][0xd1][0xa2][0x86]E[0xb4]@/b;[0xaf][0xd1][0xb][0xb1]@/[0xc4][0x2][0xbd][0x10][0xb][0xf4]"Z[0xdc][0xa0][0x17]b[0x81]^[0x88][0x5]z![0x16][0xe8]E[0xb4][0xb8]E/[0xc4][0x2][0xbd][0x10][0xb][0xf4]B,[0xd0][0x8b]hq[0x87]^[0x88][0x5]z![0x16][0xe8][0x85]X[0xa0][0x17][0xd1][0xe2][0x1e][0xbd][0x10][0xb][0xf4]B,[0xd0][0xb][0xb1]@/[0xa2][0xc5][0x10][0xbd][0x10][0xb][0xf4]B,[0xd0][0xb][0xb1]@/[0xa2][0xc5][0x3]z![0x16][0xe8][0x85]X[0xa0][0x17]b[0x81]^D[0x8b][0x11]z![0x16][0xe8][0x85]X[0xa0][0x17]b[0x81]^D[0x8b]G[0xf4]B,[0xd0][0xb][0xb1]@/[0xc4][0x2][0xbd][0x88][0x16]O[0xe8][0x85]X[0xfc][0xa7]^L[0xba]/[0x0][0x0][0x0][0xff][0xff][0x3][0x0][0xd7]&[0xa9]E&-[0x0][0x0]"
19:33:23.901 [main] DEBUG org.apache.http.headers - http-outgoing-0 << HTTP/1.1 200 OK
19:33:23.901 [main] DEBUG org.apache.http.headers - http-outgoing-0 << content-type: application/json; charset=UTF-8
19:33:23.902 [main] DEBUG org.apache.http.headers - http-outgoing-0 << content-encoding: gzip
19:33:23.902 [main] DEBUG org.apache.http.headers - http-outgoing-0 << content-length: 417
19:33:23.905 [main] DEBUG org.apache.http.impl.execchain.MainClientExec - Connection can be kept alive indefinitely
19:33:23.909 [main] DEBUG org.apache.http.impl.conn.PoolingHttpClientConnectionManager - Connection [id: 0][route: {}->http://localhost:9200] can be kept alive indefinitely
19:33:23.909 [main] DEBUG org.apache.http.impl.conn.PoolingHttpClientConnectionManager - Connection released: [id: 0][route: {}->http://localhost:9200][total kept alive: 1; route allocated: 1 of 2; total allocated: 1 of 20]
19:33:23.916 [main] DEBUG io.searchbox.core.Bulk - Bulk operation failed due to one or more failed actions within the Bulk request
]]></system-out>
  </testcase>
</testsuite>